Member ID : 982
Setting Basic Variable
Calculating Values Before Bill Generation
Bill Head Details : {"festival ":100,"water charges":200,"property tax":150,"sub_total":870,"Parking Charges":420,"NOC Charges":0}
Data for late payment check model
Last Due Date : 2020-01-11
Current Bill Date : 2020-02-01
Late Payment Entry : []
Last Princpal Arrears : 870
Last Interest Arrears : 0.00
Current Balance : -870.00
Last Bill Due : 2020-01-05
Days Elapsed : 1
Interestable Amount : 870
Current Month Interest: 15.225
Soft Total: 1755.225
Bill Total Due: 1755.225
Is Paid?: 0
Bill Status: Unpaid
New Principal Arrears : 1740
15.225
New Member Balance : -1755.225
Inserting data in Database
----------------------------------------------------------------------------------------------------------------------------------------------

Member ID : 983
Setting Basic Variable
Calculating Values Before Bill Generation
Bill Head Details : {"festival ":100,"property tax":150,"water charges ":200,"sub_total":550,"Parking Charges":0,"NOC Charges":100}
Data for late payment check model
Last Due Date : 2020-01-11
Current Bill Date : 2020-02-01
Late Payment Entry : []
Last Princpal Arrears : 550
Last Interest Arrears : 0.00
Current Balance : -550.00
Last Bill Due : 2020-01-05
Days Elapsed : 1
Interestable Amount : 550
Current Month Interest: 9.625
Soft Total: 1109.625
Bill Total Due: 1109.625
Is Paid?: 0
Bill Status: Unpaid
New Principal Arrears : 1100
9.625
New Member Balance : -1109.625
Inserting data in Database
----------------------------------------------------------------------------------------------------------------------------------------------

Member ID : 984
Setting Basic Variable
Calculating Values Before Bill Generation
Bill Head Details : {"water charges":200,"festival ":100,"property tax":150,"sub_total":450,"Parking Charges":0,"NOC Charges":0}
Data for late payment check model
Last Due Date : 2020-01-11
Current Bill Date : 2020-02-01
Late Payment Entry : []
Last Princpal Arrears : 900
Last Interest Arrears : 7.875
Current Balance : -907.88
Last Bill Due : 2020-01-05
Days Elapsed : 1
Interestable Amount : 900
Current Month Interest: 15.75
Soft Total: 1373.625
Bill Total Due: 1373.625
Is Paid?: 0
Bill Status: Unpaid
New Principal Arrears : 1350
15.75
New Member Balance : -1373.625
Inserting data in Database
----------------------------------------------------------------------------------------------------------------------------------------------

Member ID : 985
Setting Basic Variable
Calculating Values Before Bill Generation
Bill Head Details : {"festival":100,"property tax":150,"water charges":200,"sub_total":450,"Parking Charges":0,"NOC Charges":0}
Data for late payment check model
Last Due Date : 2020-01-11
Current Bill Date : 2020-02-01
Late Payment Entry : []
Last Princpal Arrears : 900
Last Interest Arrears : 7.875
Current Balance : -907.88
Last Bill Due : 2020-01-05
Days Elapsed : 1
Interestable Amount : 900
Current Month Interest: 15.75
Soft Total: 1373.625
Bill Total Due: 1373.625
Is Paid?: 0
Bill Status: Unpaid
New Principal Arrears : 1350
15.75
New Member Balance : -1373.625
Inserting data in Database
----------------------------------------------------------------------------------------------------------------------------------------------

Member ID : 986
Setting Basic Variable
Calculating Values Before Bill Generation
Bill Head Details : {"water charges":200,"property tax":150,"festival":100,"sub_total":450,"Parking Charges":0,"NOC Charges":0}
Data for late payment check model
Last Due Date : 2020-01-11
Current Bill Date : 2020-02-01
Late Payment Entry : []
Last Princpal Arrears : 450
Last Interest Arrears : 0.00
Current Balance : -450.00
Last Bill Due : 2020-01-05
Days Elapsed : 1
Interestable Amount : 450
Current Month Interest: 7.875
Soft Total: 907.875
Bill Total Due: 907.875
Is Paid?: 0
Bill Status: Unpaid
New Principal Arrears : 900
7.875
New Member Balance : -907.875
Inserting data in Database
----------------------------------------------------------------------------------------------------------------------------------------------

