Member ID : 1152
Setting Basic Variable
Calculating Values Before Bill Generation
Bill Head Details : {"billhead-Repair Fund":"350","billhead-Service Charges":"200","billhead-Sinking Fund":"75","billhead-Maintenance Charges":"840","billhead-Parking Charges":"100","billhead-NOC Charges":"0"}
Last Princpal Arrears : 0
Last Interest Arrears : 0
Current Month Interest: 0
Soft Total: 1565
Bill Total Due: 1615
Inserting data in Database
----------------------------------------------------------------------------------------------------------------------------------------------

Member ID : 1153
Setting Basic Variable
Calculating Values Before Bill Generation
Bill Head Details : {"billhead-Repair Fund":"400","billhead-Service Charges":"200","billhead-Sinking Fund":"75","billhead-Maintenance Charges":"900","billhead-Parking Charges":"50","billhead-NOC Charges":"0"}
Last Princpal Arrears : 0
Last Interest Arrears : 0
Current Month Interest: 0
Soft Total: 1625
Bill Total Due: 1675
Inserting data in Database
----------------------------------------------------------------------------------------------------------------------------------------------

Member ID : 1154
Setting Basic Variable
Calculating Values Before Bill Generation
Bill Head Details : {"billhead-Repair Fund":"350","billhead-Service Charges":"200","billhead-Sinking Fund":"75","billhead-Maintenance Charges":"840","billhead-Parking Charges":"0","billhead-NOC Charges":"0"}
Last Princpal Arrears : 0
Last Interest Arrears : 0
Current Month Interest: 0
Soft Total: 1465
Bill Total Due: 1515
Inserting data in Database
----------------------------------------------------------------------------------------------------------------------------------------------

Member ID : 1155
Setting Basic Variable
Calculating Values Before Bill Generation
Bill Head Details : {"billhead-Repair Fund":"350","billhead-Service Charges":"200","billhead-Sinking Fund":"75","billhead-Maintenance Charges":"840","billhead-Parking Charges":"50","billhead-NOC Charges":"0"}
Last Princpal Arrears : 0
Last Interest Arrears : 0
Current Month Interest: 0
Soft Total: 1515
Bill Total Due: 1565
Inserting data in Database
----------------------------------------------------------------------------------------------------------------------------------------------

Member ID : 1156
Setting Basic Variable
Calculating Values Before Bill Generation
Bill Head Details : {"billhead-Repair Fund":"350","billhead-Service Charges":"200","billhead-Sinking Fund":"75","billhead-Maintenance Charges":"840","billhead-Parking Charges":"0","billhead-NOC Charges":"0"}
Last Princpal Arrears : 0
Last Interest Arrears : 0
Current Month Interest: 0
Soft Total: 1465
Bill Total Due: 1515
Inserting data in Database
----------------------------------------------------------------------------------------------------------------------------------------------

Member ID : 1157
Setting Basic Variable
Calculating Values Before Bill Generation
Bill Head Details : {"billhead-Repair Fund":"350","billhead-Service Charges":"200","billhead-Sinking Fund":"75","billhead-Maintenance Charges":"840","billhead-Parking Charges":"0","billhead-NOC Charges":"0"}
Last Princpal Arrears : 0
Last Interest Arrears : 0
Current Month Interest: 0
Soft Total: 1465
Bill Total Due: 1515
Inserting data in Database
----------------------------------------------------------------------------------------------------------------------------------------------

Member ID : 1158
Setting Basic Variable
Calculating Values Before Bill Generation
Bill Head Details : {"billhead-Repair Fund":"350","billhead-Service Charges":"200","billhead-Sinking Fund":"75","billhead-Maintenance Charges":"840","billhead-Parking Charges":"100","billhead-NOC Charges":"0"}
Last Princpal Arrears : 0
Last Interest Arrears : 0
Current Month Interest: 0
Soft Total: 1565
Bill Total Due: 1615
Inserting data in Database
----------------------------------------------------------------------------------------------------------------------------------------------

Member ID : 1159
Setting Basic Variable
Calculating Values Before Bill Generation
Bill Head Details : {"billhead-Repair Fund":"400","billhead-Service Charges":"200","billhead-Sinking Fund":"75","billhead-Maintenance Charges":"900","billhead-Parking Charges":"20","billhead-NOC Charges":"0"}
Last Princpal Arrears : 0
Last Interest Arrears : 0
Current Month Interest: 0
Soft Total: 1595
Bill Total Due: 1645
Inserting data in Database
----------------------------------------------------------------------------------------------------------------------------------------------

Member ID : 1160
Setting Basic Variable
Calculating Values Before Bill Generation
Bill Head Details : {"billhead-Repair Fund":"400","billhead-Service Charges":"200","billhead-Sinking Fund":"75","billhead-Maintenance Charges":"900","billhead-Parking Charges":"30","billhead-NOC Charges":"0"}
Last Princpal Arrears : 0
Last Interest Arrears : 0
Current Month Interest: 0
Soft Total: 1605
Bill Total Due: 1655
Inserting data in Database
----------------------------------------------------------------------------------------------------------------------------------------------

Member ID : 1161
Setting Basic Variable
Calculating Values Before Bill Generation
Bill Head Details : {"billhead-Repair Fund":"350","billhead-Service Charges":"200","billhead-Sinking Fund":"75","billhead-Maintenance Charges":"840","billhead-Parking Charges":"0","billhead-NOC Charges":"0"}
Last Princpal Arrears : 0
Last Interest Arrears : 0
Current Month Interest: 0
Soft Total: 1465
Bill Total Due: 1515
Inserting data in Database
----------------------------------------------------------------------------------------------------------------------------------------------

Member ID : 1162
Setting Basic Variable
Calculating Values Before Bill Generation
Bill Head Details : {"billhead-Repair Fund":"350","billhead-Service Charges":"200","billhead-Sinking Fund":"75","billhead-Maintenance Charges":"840","billhead-Parking Charges":"0","billhead-NOC Charges":"0"}
Last Princpal Arrears : 0
Last Interest Arrears : 0
Current Month Interest: 0
Soft Total: 1465
Bill Total Due: 1515
Inserting data in Database
----------------------------------------------------------------------------------------------------------------------------------------------

Member ID : 1163
Setting Basic Variable
Calculating Values Before Bill Generation
Bill Head Details : {"billhead-Repair Fund":"400","billhead-Service Charges":"200","billhead-Sinking Fund":"75","billhead-Maintenance Charges":"900","billhead-Parking Charges":"0","billhead-NOC Charges":"0"}
Last Princpal Arrears : 0
Last Interest Arrears : 0
Current Month Interest: 0
Soft Total: 1575
Bill Total Due: 1625
Inserting data in Database
----------------------------------------------------------------------------------------------------------------------------------------------

Member ID : 1164
Setting Basic Variable
Calculating Values Before Bill Generation
Bill Head Details : {"billhead-Repair Fund":"350","billhead-Service Charges":"200","billhead-Sinking Fund":"75","billhead-Maintenance Charges":"840","billhead-Parking Charges":"0","billhead-NOC Charges":"0"}
Last Princpal Arrears : 0
Last Interest Arrears : 0
Current Month Interest: 0
Soft Total: 1465
Bill Total Due: 1515
Inserting data in Database
----------------------------------------------------------------------------------------------------------------------------------------------

Member ID : 1165
Setting Basic Variable
Calculating Values Before Bill Generation
Bill Head Details : {"billhead-Repair Fund":"350","billhead-Service Charges":"200","billhead-Sinking Fund":"75","billhead-Maintenance Charges":"840","billhead-Parking Charges":"0","billhead-NOC Charges":"0"}
Last Princpal Arrears : 0
Last Interest Arrears : 0
Current Month Interest: 0
Soft Total: 1465
Bill Total Due: 1515
Inserting data in Database
----------------------------------------------------------------------------------------------------------------------------------------------

Member ID : 1166
Setting Basic Variable
Calculating Values Before Bill Generation
Bill Head Details : {"billhead-Repair Fund":"400","billhead-Service Charges":"200","billhead-Sinking Fund":"75","billhead-Maintenance Charges":"900","billhead-Parking Charges":"90","billhead-NOC Charges":"0"}
Last Princpal Arrears : 0
Last Interest Arrears : 0
Current Month Interest: 0
Soft Total: 1665
Bill Total Due: 1715
Inserting data in Database
----------------------------------------------------------------------------------------------------------------------------------------------

