Member ID : 11
Setting Basic Variable
Calculating Values Before Bill Generation
Bill Head Details : {"Maintenance Charges":350,"sub_total":350,"Parking Charges":0,"NOC Charges":0}
Data for late payment check model
Last Due Date : 2019-10-23
Current Bill Date : 2019-01-31
Late Payment Entry : []
Last Princpal Arrears : 0.00
Last Interest Arrears : 0.00
Current Balance : 
Last Bill Due : 2019-01-10
Days Elapsed : 1
Interestable Amount : 0.00
Current Month Interest: 0
Soft Total: 350
Bill Total Due: 350
Is Paid?: 0
Bill Status: Unpaid
New Principal Arrears : 350
0
New Member Balance : -350
Inserting data in Database
----------------------------------------------------------------------------------------------------------------------------------------------

Member ID : 12
Setting Basic Variable
Calculating Values Before Bill Generation
Bill Head Details : {"Maintenance Charges":350,"sub_total":350,"Parking Charges":0,"NOC Charges":0}
Data for late payment check model
Last Due Date : 2019-10-23
Current Bill Date : 2019-01-31
Late Payment Entry : []
Last Princpal Arrears : 0.00
Last Interest Arrears : 0.00
Current Balance : 
Last Bill Due : 2019-01-10
Days Elapsed : 1
Interestable Amount : 0.00
Current Month Interest: 0
Soft Total: 350
Bill Total Due: 350
Is Paid?: 0
Bill Status: Unpaid
New Principal Arrears : 350
0
New Member Balance : -350
Inserting data in Database
----------------------------------------------------------------------------------------------------------------------------------------------

Member ID : 13
Setting Basic Variable
Calculating Values Before Bill Generation
Bill Head Details : {"Maintenance Charges":350,"sub_total":350,"Parking Charges":0,"NOC Charges":0}
Data for late payment check model
Last Due Date : 2019-10-23
Current Bill Date : 2019-01-31
Late Payment Entry : []
Last Princpal Arrears : 0.00
Last Interest Arrears : 0.00
Current Balance : 
Last Bill Due : 2019-01-10
Days Elapsed : 1
Interestable Amount : 0.00
Current Month Interest: 0
Soft Total: 350
Bill Total Due: 350
Is Paid?: 0
Bill Status: Unpaid
New Principal Arrears : 350
0
New Member Balance : -350
Inserting data in Database
----------------------------------------------------------------------------------------------------------------------------------------------

Member ID : 14
Setting Basic Variable
Calculating Values Before Bill Generation
Bill Head Details : {"Maintenance Charges":350,"sub_total":350,"Parking Charges":0,"NOC Charges":0}
Data for late payment check model
Last Due Date : 2019-10-23
Current Bill Date : 2019-01-31
Late Payment Entry : []
Last Princpal Arrears : 0.00
Last Interest Arrears : 0.00
Current Balance : 
Last Bill Due : 2019-01-10
Days Elapsed : 1
Interestable Amount : 0.00
Current Month Interest: 0
Soft Total: 350
Bill Total Due: 350
Is Paid?: 0
Bill Status: Unpaid
New Principal Arrears : 350
0
New Member Balance : -350
Inserting data in Database
----------------------------------------------------------------------------------------------------------------------------------------------

Member ID : 15
Setting Basic Variable
Calculating Values Before Bill Generation
Bill Head Details : {"Maintenance Charges":350,"sub_total":350,"Parking Charges":0,"NOC Charges":0}
Data for late payment check model
Last Due Date : 2019-10-23
Current Bill Date : 2019-01-31
Late Payment Entry : []
Last Princpal Arrears : 0.00
Last Interest Arrears : 0.00
Current Balance : 
Last Bill Due : 2019-01-10
Days Elapsed : 1
Interestable Amount : 0.00
Current Month Interest: 0
Soft Total: 350
Bill Total Due: 350
Is Paid?: 0
Bill Status: Unpaid
New Principal Arrears : 350
0
New Member Balance : -350
Inserting data in Database
----------------------------------------------------------------------------------------------------------------------------------------------

Member ID : 16
Setting Basic Variable
Calculating Values Before Bill Generation
Bill Head Details : {"Maintenance Charges":350,"sub_total":350,"Parking Charges":0,"NOC Charges":0}
Data for late payment check model
Last Due Date : 2019-10-23
Current Bill Date : 2019-01-31
Late Payment Entry : []
Last Princpal Arrears : 0.00
Last Interest Arrears : 0.00
Current Balance : 
Last Bill Due : 2019-01-10
Days Elapsed : 1
Interestable Amount : 0.00
Current Month Interest: 0
Soft Total: 350
Bill Total Due: 350
Is Paid?: 0
Bill Status: Unpaid
New Principal Arrears : 350
0
New Member Balance : -350
Inserting data in Database
----------------------------------------------------------------------------------------------------------------------------------------------

Member ID : 17
Setting Basic Variable
Calculating Values Before Bill Generation
Bill Head Details : {"Maintenance Charges":350,"sub_total":350,"Parking Charges":0,"NOC Charges":0}
Data for late payment check model
Last Due Date : 2019-10-23
Current Bill Date : 2019-01-31
Late Payment Entry : []
Last Princpal Arrears : 0.00
Last Interest Arrears : 0.00
Current Balance : 
Last Bill Due : 2019-01-10
Days Elapsed : 1
Interestable Amount : 0.00
Current Month Interest: 0
Soft Total: 350
Bill Total Due: 350
Is Paid?: 0
Bill Status: Unpaid
New Principal Arrears : 350
0
New Member Balance : -350
Inserting data in Database
----------------------------------------------------------------------------------------------------------------------------------------------

Member ID : 18
Setting Basic Variable
Calculating Values Before Bill Generation
Bill Head Details : {"Maintenance Charges":350,"sub_total":350,"Parking Charges":0,"NOC Charges":0}
Data for late payment check model
Last Due Date : 2019-10-23
Current Bill Date : 2019-01-31
Late Payment Entry : []
Last Princpal Arrears : 4650
Last Interest Arrears : 0.00
Current Balance : -4650.00
Last Bill Due : 2019-01-10
Days Elapsed : 1
Interestable Amount : 4650
Current Month Interest: 0
Soft Total: 5000
Bill Total Due: 5000
Is Paid?: 0
Bill Status: Unpaid
New Principal Arrears : 5000
0
New Member Balance : -5000
Inserting data in Database
----------------------------------------------------------------------------------------------------------------------------------------------

Member ID : 19
Setting Basic Variable
Calculating Values Before Bill Generation
Bill Head Details : {"Maintenance Charges":350,"sub_total":350,"Parking Charges":0,"NOC Charges":0}
Data for late payment check model
Last Due Date : 2019-10-23
Current Bill Date : 2019-01-31
Late Payment Entry : []
Last Princpal Arrears : 0.00
Last Interest Arrears : 0.00
Current Balance : 
Last Bill Due : 2019-01-10
Days Elapsed : 1
Interestable Amount : 0.00
Current Month Interest: 0
Soft Total: 350
Bill Total Due: 350
Is Paid?: 0
Bill Status: Unpaid
New Principal Arrears : 350
0
New Member Balance : -350
Inserting data in Database
----------------------------------------------------------------------------------------------------------------------------------------------

Member ID : 20
Setting Basic Variable
Calculating Values Before Bill Generation
Bill Head Details : {"Maintenance Charges":350,"sub_total":350,"Parking Charges":0,"NOC Charges":0}
Data for late payment check model
Last Due Date : 2019-10-23
Current Bill Date : 2019-01-31
Late Payment Entry : []
Last Princpal Arrears : 0.00
Last Interest Arrears : 0.00
Current Balance : 
Last Bill Due : 2019-01-10
Days Elapsed : 1
Interestable Amount : 0.00
Current Month Interest: 0
Soft Total: 350
Bill Total Due: 350
Is Paid?: 0
Bill Status: Unpaid
New Principal Arrears : 350
0
New Member Balance : -350
Inserting data in Database
----------------------------------------------------------------------------------------------------------------------------------------------

Member ID : 21
Setting Basic Variable
Calculating Values Before Bill Generation
Bill Head Details : {"Maintenance Charges":350,"sub_total":350,"Parking Charges":0,"NOC Charges":0}
Data for late payment check model
Last Due Date : 2019-10-23
Current Bill Date : 2019-01-31
Late Payment Entry : []
Last Princpal Arrears : 0.00
Last Interest Arrears : 0.00
Current Balance : 
Last Bill Due : 2019-01-10
Days Elapsed : 1
Interestable Amount : 0.00
Current Month Interest: 0
Soft Total: 350
Bill Total Due: 350
Is Paid?: 0
Bill Status: Unpaid
New Principal Arrears : 350
0
New Member Balance : -350
Inserting data in Database
----------------------------------------------------------------------------------------------------------------------------------------------

Member ID : 22
Setting Basic Variable
Calculating Values Before Bill Generation
Bill Head Details : {"Maintenance Charges":350,"sub_total":350,"Parking Charges":0,"NOC Charges":0}
Data for late payment check model
Last Due Date : 2019-10-23
Current Bill Date : 2019-01-31
Late Payment Entry : []
Last Princpal Arrears : 0.00
Last Interest Arrears : 0.00
Current Balance : 
Last Bill Due : 2019-01-10
Days Elapsed : 1
Interestable Amount : 0.00
Current Month Interest: 0
Soft Total: 350
Bill Total Due: 350
Is Paid?: 0
Bill Status: Unpaid
New Principal Arrears : 350
0
New Member Balance : -350
Inserting data in Database
----------------------------------------------------------------------------------------------------------------------------------------------

Member ID : 23
Setting Basic Variable
Calculating Values Before Bill Generation
Bill Head Details : {"Maintenance Charges":350,"sub_total":350,"Parking Charges":0,"NOC Charges":0}
Data for late payment check model
Last Due Date : 2019-10-23
Current Bill Date : 2019-01-31
Late Payment Entry : []
Last Princpal Arrears : 0.00
Last Interest Arrears : 0.00
Current Balance : 
Last Bill Due : 2019-01-10
Days Elapsed : 1
Interestable Amount : 0.00
Current Month Interest: 0
Soft Total: 350
Bill Total Due: 350
Is Paid?: 0
Bill Status: Unpaid
New Principal Arrears : 350
0
New Member Balance : -350
Inserting data in Database
----------------------------------------------------------------------------------------------------------------------------------------------

Member ID : 24
Setting Basic Variable
Calculating Values Before Bill Generation
Bill Head Details : {"Maintenance Charges":350,"sub_total":350,"Parking Charges":0,"NOC Charges":0}
Data for late payment check model
Last Due Date : 2019-10-23
Current Bill Date : 2019-01-31
Late Payment Entry : []
Last Princpal Arrears : 0.00
Last Interest Arrears : 0.00
Current Balance : 
Last Bill Due : 2019-01-10
Days Elapsed : 1
Interestable Amount : 0.00
Current Month Interest: 0
Soft Total: 350
Bill Total Due: 350
Is Paid?: 0
Bill Status: Unpaid
New Principal Arrears : 350
0
New Member Balance : -350
Inserting data in Database
----------------------------------------------------------------------------------------------------------------------------------------------

Member ID : 25
Setting Basic Variable
Calculating Values Before Bill Generation
Bill Head Details : {"Maintenance Charges":350,"sub_total":350,"Parking Charges":0,"NOC Charges":0}
Data for late payment check model
Last Due Date : 2019-10-23
Current Bill Date : 2019-01-31
Late Payment Entry : []
Last Princpal Arrears : 0.00
Last Interest Arrears : 0.00
Current Balance : 
Last Bill Due : 2019-01-10
Days Elapsed : 1
Interestable Amount : 0.00
Current Month Interest: 0
Soft Total: 350
Bill Total Due: 350
Is Paid?: 0
Bill Status: Unpaid
New Principal Arrears : 350
0
New Member Balance : -350
Inserting data in Database
----------------------------------------------------------------------------------------------------------------------------------------------

Member ID : 26
Setting Basic Variable
Calculating Values Before Bill Generation
Bill Head Details : {"Maintenance Charges":350,"sub_total":350,"Parking Charges":0,"NOC Charges":0}
Data for late payment check model
Last Due Date : 2019-10-23
Current Bill Date : 2019-01-31
Late Payment Entry : []
Last Princpal Arrears : 0.00
Last Interest Arrears : 0.00
Current Balance : 
Last Bill Due : 2019-01-10
Days Elapsed : 1
Interestable Amount : 0.00
Current Month Interest: 0
Soft Total: 350
Bill Total Due: 350
Is Paid?: 0
Bill Status: Unpaid
New Principal Arrears : 350
0
New Member Balance : -350
Inserting data in Database
----------------------------------------------------------------------------------------------------------------------------------------------

Member ID : 27
Setting Basic Variable
Calculating Values Before Bill Generation
Bill Head Details : {"Maintenance Charges":350,"sub_total":350,"Parking Charges":0,"NOC Charges":0}
Data for late payment check model
Last Due Date : 2019-10-23
Current Bill Date : 2019-01-31
Late Payment Entry : []
Last Princpal Arrears : 0.00
Last Interest Arrears : 0.00
Current Balance : 
Last Bill Due : 2019-01-10
Days Elapsed : 1
Interestable Amount : 0.00
Current Month Interest: 0
Soft Total: 350
Bill Total Due: 350
Is Paid?: 0
Bill Status: Unpaid
New Principal Arrears : 350
0
New Member Balance : -350
Inserting data in Database
----------------------------------------------------------------------------------------------------------------------------------------------

Member ID : 28
Setting Basic Variable
Calculating Values Before Bill Generation
Bill Head Details : {"Maintenance Charges":350,"sub_total":350,"Parking Charges":0,"NOC Charges":0}
Data for late payment check model
Last Due Date : 2019-10-23
Current Bill Date : 2019-01-31
Late Payment Entry : []
Last Princpal Arrears : 0.00
Last Interest Arrears : 0.00
Current Balance : 
Last Bill Due : 2019-01-10
Days Elapsed : 1
Interestable Amount : 0.00
Current Month Interest: 0
Soft Total: 350
Bill Total Due: 350
Is Paid?: 0
Bill Status: Unpaid
New Principal Arrears : 350
0
New Member Balance : -350
Inserting data in Database
----------------------------------------------------------------------------------------------------------------------------------------------

Member ID : 29
Setting Basic Variable
Calculating Values Before Bill Generation
Bill Head Details : {"Maintenance Charges":350,"sub_total":350,"Parking Charges":0,"NOC Charges":0}
Data for late payment check model
Last Due Date : 2019-10-23
Current Bill Date : 2019-01-31
Late Payment Entry : []
Last Princpal Arrears : 0.00
Last Interest Arrears : 0.00
Current Balance : 
Last Bill Due : 2019-01-10
Days Elapsed : 1
Interestable Amount : 0.00
Current Month Interest: 0
Soft Total: 350
Bill Total Due: 350
Is Paid?: 0
Bill Status: Unpaid
New Principal Arrears : 350
0
New Member Balance : -350
Inserting data in Database
----------------------------------------------------------------------------------------------------------------------------------------------

Member ID : 30
Setting Basic Variable
Calculating Values Before Bill Generation
Bill Head Details : {"Maintenance Charges":350,"sub_total":350,"Parking Charges":0,"NOC Charges":0}
Data for late payment check model
Last Due Date : 2019-10-23
Current Bill Date : 2019-01-31
Late Payment Entry : []
Last Princpal Arrears : 0.00
Last Interest Arrears : 0.00
Current Balance : 
Last Bill Due : 2019-01-10
Days Elapsed : 1
Interestable Amount : 0.00
Current Month Interest: 0
Soft Total: 350
Bill Total Due: 350
Is Paid?: 0
Bill Status: Unpaid
New Principal Arrears : 350
0
New Member Balance : -350
Inserting data in Database
----------------------------------------------------------------------------------------------------------------------------------------------

Member ID : 31
Setting Basic Variable
Calculating Values Before Bill Generation
Bill Head Details : {"Maintenance Charges":350,"sub_total":350,"Parking Charges":0,"NOC Charges":0}
Data for late payment check model
Last Due Date : 2019-10-23
Current Bill Date : 2019-01-31
Late Payment Entry : []
Last Princpal Arrears : 0.00
Last Interest Arrears : 0.00
Current Balance : 
Last Bill Due : 2019-01-10
Days Elapsed : 1
Interestable Amount : 0.00
Current Month Interest: 0
Soft Total: 350
Bill Total Due: 350
Is Paid?: 0
Bill Status: Unpaid
New Principal Arrears : 350
0
New Member Balance : -350
Inserting data in Database
----------------------------------------------------------------------------------------------------------------------------------------------

Member ID : 32
Setting Basic Variable
Calculating Values Before Bill Generation
Bill Head Details : {"Maintenance Charges":350,"sub_total":350,"Parking Charges":0,"NOC Charges":0}
Data for late payment check model
Last Due Date : 2019-10-23
Current Bill Date : 2019-01-31
Late Payment Entry : []
Last Princpal Arrears : 0.00
Last Interest Arrears : 0.00
Current Balance : 
Last Bill Due : 2019-01-10
Days Elapsed : 1
Interestable Amount : 0.00
Current Month Interest: 0
Soft Total: 350
Bill Total Due: 350
Is Paid?: 0
Bill Status: Unpaid
New Principal Arrears : 350
0
New Member Balance : -350
Inserting data in Database
----------------------------------------------------------------------------------------------------------------------------------------------

Member ID : 33
Setting Basic Variable
Calculating Values Before Bill Generation
Bill Head Details : {"Maintenance Charges":350,"sub_total":350,"Parking Charges":0,"NOC Charges":0}
Data for late payment check model
Last Due Date : 2019-10-23
Current Bill Date : 2019-01-31
Late Payment Entry : []
Last Princpal Arrears : 0.00
Last Interest Arrears : 0.00
Current Balance : 
Last Bill Due : 2019-01-10
Days Elapsed : 1
Interestable Amount : 0.00
Current Month Interest: 0
Soft Total: 350
Bill Total Due: 350
Is Paid?: 0
Bill Status: Unpaid
New Principal Arrears : 350
0
New Member Balance : -350
Inserting data in Database
----------------------------------------------------------------------------------------------------------------------------------------------

Member ID : 34
Setting Basic Variable
Calculating Values Before Bill Generation
Bill Head Details : {"Maintenance Charges":350,"sub_total":350,"Parking Charges":0,"NOC Charges":0}
Data for late payment check model
Last Due Date : 2019-10-23
Current Bill Date : 2019-01-31
Late Payment Entry : []
Last Princpal Arrears : 0.00
Last Interest Arrears : 0.00
Current Balance : 
Last Bill Due : 2019-01-10
Days Elapsed : 1
Interestable Amount : 0.00
Current Month Interest: 0
Soft Total: 350
Bill Total Due: 350
Is Paid?: 0
Bill Status: Unpaid
New Principal Arrears : 350
0
New Member Balance : -350
Inserting data in Database
----------------------------------------------------------------------------------------------------------------------------------------------

Member ID : 35
Setting Basic Variable
Calculating Values Before Bill Generation
Bill Head Details : {"Maintenance Charges":350,"sub_total":350,"Parking Charges":0,"NOC Charges":0}
Data for late payment check model
Last Due Date : 2019-10-23
Current Bill Date : 2019-01-31
Late Payment Entry : []
Last Princpal Arrears : 0.00
Last Interest Arrears : 0.00
Current Balance : 
Last Bill Due : 2019-01-10
Days Elapsed : 1
Interestable Amount : 0.00
Current Month Interest: 0
Soft Total: 350
Bill Total Due: 350
Is Paid?: 0
Bill Status: Unpaid
New Principal Arrears : 350
0
New Member Balance : -350
Inserting data in Database
----------------------------------------------------------------------------------------------------------------------------------------------

Member ID : 36
Setting Basic Variable
Calculating Values Before Bill Generation
Bill Head Details : {"Maintenance Charges":350,"sub_total":350,"Parking Charges":0,"NOC Charges":0}
Data for late payment check model
Last Due Date : 2019-10-23
Current Bill Date : 2019-01-31
Late Payment Entry : []
Last Princpal Arrears : 0.00
Last Interest Arrears : 0.00
Current Balance : 
Last Bill Due : 2019-01-10
Days Elapsed : 1
Interestable Amount : 0.00
Current Month Interest: 0
Soft Total: 350
Bill Total Due: 350
Is Paid?: 0
Bill Status: Unpaid
New Principal Arrears : 350
0
New Member Balance : -350
Inserting data in Database
----------------------------------------------------------------------------------------------------------------------------------------------

Member ID : 37
Setting Basic Variable
Calculating Values Before Bill Generation
Bill Head Details : {"Maintenance Charges":350,"sub_total":350,"Parking Charges":0,"NOC Charges":0}
Data for late payment check model
Last Due Date : 2019-10-23
Current Bill Date : 2019-01-31
Late Payment Entry : []
Last Princpal Arrears : 0.00
Last Interest Arrears : 0.00
Current Balance : 
Last Bill Due : 2019-01-10
Days Elapsed : 1
Interestable Amount : 0.00
Current Month Interest: 0
Soft Total: 350
Bill Total Due: 350
Is Paid?: 0
Bill Status: Unpaid
New Principal Arrears : 350
0
New Member Balance : -350
Inserting data in Database
----------------------------------------------------------------------------------------------------------------------------------------------

Member ID : 38
Setting Basic Variable
Calculating Values Before Bill Generation
Bill Head Details : {"Maintenance Charges":350,"sub_total":350,"Parking Charges":0,"NOC Charges":0}
Data for late payment check model
Last Due Date : 2019-10-23
Current Bill Date : 2019-01-31
Late Payment Entry : []
Last Princpal Arrears : 0.00
Last Interest Arrears : 0.00
Current Balance : 
Last Bill Due : 2019-01-10
Days Elapsed : 1
Interestable Amount : 0.00
Current Month Interest: 0
Soft Total: 350
Bill Total Due: 350
Is Paid?: 0
Bill Status: Unpaid
New Principal Arrears : 350
0
New Member Balance : -350
Inserting data in Database
----------------------------------------------------------------------------------------------------------------------------------------------

Member ID : 39
Setting Basic Variable
Calculating Values Before Bill Generation
Bill Head Details : {"Maintenance Charges":350,"sub_total":350,"Parking Charges":0,"NOC Charges":0}
Data for late payment check model
Last Due Date : 2019-10-23
Current Bill Date : 2019-01-31
Late Payment Entry : []
Last Princpal Arrears : 0.00
Last Interest Arrears : 0.00
Current Balance : 
Last Bill Due : 2019-01-10
Days Elapsed : 1
Interestable Amount : 0.00
Current Month Interest: 0
Soft Total: 350
Bill Total Due: 350
Is Paid?: 0
Bill Status: Unpaid
New Principal Arrears : 350
0
New Member Balance : -350
Inserting data in Database
----------------------------------------------------------------------------------------------------------------------------------------------

Member ID : 40
Setting Basic Variable
Calculating Values Before Bill Generation
Bill Head Details : {"Maintenance Charges":350,"sub_total":350,"Parking Charges":0,"NOC Charges":0}
Data for late payment check model
Last Due Date : 2019-10-23
Current Bill Date : 2019-01-31
Late Payment Entry : []
Last Princpal Arrears : 0.00
Last Interest Arrears : 0.00
Current Balance : 
Last Bill Due : 2019-01-10
Days Elapsed : 1
Interestable Amount : 0.00
Current Month Interest: 0
Soft Total: 350
Bill Total Due: 350
Is Paid?: 0
Bill Status: Unpaid
New Principal Arrears : 350
0
New Member Balance : -350
Inserting data in Database
----------------------------------------------------------------------------------------------------------------------------------------------

Member ID : 41
Setting Basic Variable
Calculating Values Before Bill Generation
Bill Head Details : {"Maintenance Charges":0,"sub_total":0,"Parking Charges":0,"NOC Charges":0}
Data for late payment check model
Last Due Date : 2019-10-23
Current Bill Date : 2019-01-31
Late Payment Entry : []
Last Princpal Arrears : 0.00
Last Interest Arrears : 0.00
Current Balance : 
Last Bill Due : 2019-01-10
Days Elapsed : 1
Interestable Amount : 0.00
Current Month Interest: 0
Soft Total: 0
Bill Total Due: 0
Is Paid?: 0
Bill Status: Unpaid
New Principal Arrears : 0
0
New Member Balance : -0
Inserting data in Database
----------------------------------------------------------------------------------------------------------------------------------------------

