Member ID : 137
Setting Basic Variable
Calculating Values Before Bill Generation
Bill Head Details : {"Repair Funds":300,"Service Charges":200,"Sinking Funds":50,"Maintenance Charges":150,"sub_total":700,"Parking Charges":0,"NOC Charges":0}
Data for late payment check model
Last Due Date : 2019-10-23
Current Bill Date : 2019-09-01
Late Payment Entry : []
Last Princpal Arrears : 0.00
Last Interest Arrears : 0.00
Current Balance : 
Last Bill Due : 2019-08-20
Days Elapsed : 1
Interestable Amount : 0.00
Current Month Interest: 0
Soft Total: 700
Bill Total Due: 700
Is Paid?: 0
Bill Status: Unpaid
New Principal Arrears : 700
0
New Member Balance : -700
Inserting data in Database
----------------------------------------------------------------------------------------------------------------------------------------------

Member ID : 138
Setting Basic Variable
Calculating Values Before Bill Generation
Bill Head Details : {"Repair Funds":350,"Service Charges":200,"Sinking Funds":75,"Maintenance Charges":200,"sub_total":825,"Parking Charges":0,"NOC Charges":0}
Data for late payment check model
Last Due Date : 2019-10-23
Current Bill Date : 2019-09-01
Late Payment Entry : []
Last Princpal Arrears : 0.00
Last Interest Arrears : 0.00
Current Balance : 
Last Bill Due : 2019-08-20
Days Elapsed : 1
Interestable Amount : 0.00
Current Month Interest: 0
Soft Total: 825
Bill Total Due: 825
Is Paid?: 0
Bill Status: Unpaid
New Principal Arrears : 825
0
New Member Balance : -825
Inserting data in Database
----------------------------------------------------------------------------------------------------------------------------------------------

Member ID : 139
Setting Basic Variable
Calculating Values Before Bill Generation
Bill Head Details : {"Repair Funds":300,"Service Charges":200,"Sinking Funds":50,"Maintenance Charges":150,"sub_total":700,"Parking Charges":0,"NOC Charges":0}
Data for late payment check model
Last Due Date : 2019-10-23
Current Bill Date : 2019-09-01
Late Payment Entry : []
Last Princpal Arrears : 0.00
Last Interest Arrears : 0.00
Current Balance : 
Last Bill Due : 2019-08-20
Days Elapsed : 1
Interestable Amount : 0.00
Current Month Interest: 0
Soft Total: 700
Bill Total Due: 700
Is Paid?: 0
Bill Status: Unpaid
New Principal Arrears : 700
0
New Member Balance : -700
Inserting data in Database
----------------------------------------------------------------------------------------------------------------------------------------------

Member ID : 140
Setting Basic Variable
Calculating Values Before Bill Generation
Bill Head Details : {"Repair Funds":350,"Service Charges":200,"Sinking Funds":75,"Maintenance Charges":200,"sub_total":825,"Parking Charges":0,"NOC Charges":0}
Data for late payment check model
Last Due Date : 2019-10-23
Current Bill Date : 2019-09-01
Late Payment Entry : []
Last Princpal Arrears : 0.00
Last Interest Arrears : 0.00
Current Balance : 
Last Bill Due : 2019-08-20
Days Elapsed : 1
Interestable Amount : 0.00
Current Month Interest: 0
Soft Total: 825
Bill Total Due: 825
Is Paid?: 0
Bill Status: Unpaid
New Principal Arrears : 825
0
New Member Balance : -825
Inserting data in Database
----------------------------------------------------------------------------------------------------------------------------------------------

Member ID : 141
Setting Basic Variable
Calculating Values Before Bill Generation
Bill Head Details : {"Repair Funds":300,"Service Charges":200,"Sinking Funds":50,"Maintenance Charges":150,"sub_total":925,"Parking Charges":200,"NOC Charges":25}
Data for late payment check model
Last Due Date : 2019-10-23
Current Bill Date : 2019-09-01
Late Payment Entry : []
Last Princpal Arrears : 500
Last Interest Arrears : 50
Current Balance : -550.00
Last Bill Due : 2019-08-20
Days Elapsed : 1
Interestable Amount : 500
Current Month Interest: 8.75
Soft Total: 1483.75
Bill Total Due: 1483.75
Is Paid?: 0
Bill Status: Unpaid
New Principal Arrears : 1425
8.75
New Member Balance : -1483.75
Inserting data in Database
----------------------------------------------------------------------------------------------------------------------------------------------

Member ID : 142
Setting Basic Variable
Calculating Values Before Bill Generation
Bill Head Details : {"Repair Funds":350,"Service Charges":200,"Sinking Funds":75,"Maintenance Charges":200,"sub_total":825,"Parking Charges":0,"NOC Charges":0}
Data for late payment check model
Last Due Date : 2019-10-23
Current Bill Date : 2019-09-01
Late Payment Entry : []
Last Princpal Arrears : 0.00
Last Interest Arrears : 0.00
Current Balance : 
Last Bill Due : 2019-08-20
Days Elapsed : 1
Interestable Amount : 0.00
Current Month Interest: 0
Soft Total: 825
Bill Total Due: 825
Is Paid?: 0
Bill Status: Unpaid
New Principal Arrears : 825
0
New Member Balance : -825
Inserting data in Database
----------------------------------------------------------------------------------------------------------------------------------------------

Member ID : 143
Setting Basic Variable
Calculating Values Before Bill Generation
Bill Head Details : {"Repair Funds":300,"Service Charges":200,"Sinking Funds":50,"Maintenance Charges":150,"sub_total":700,"Parking Charges":0,"NOC Charges":0}
Data for late payment check model
Last Due Date : 2019-10-23
Current Bill Date : 2019-09-01
Late Payment Entry : []
Last Princpal Arrears : 0.00
Last Interest Arrears : 0.00
Current Balance : 
Last Bill Due : 2019-08-20
Days Elapsed : 1
Interestable Amount : 0.00
Current Month Interest: 0
Soft Total: 700
Bill Total Due: 700
Is Paid?: 0
Bill Status: Unpaid
New Principal Arrears : 700
0
New Member Balance : -700
Inserting data in Database
----------------------------------------------------------------------------------------------------------------------------------------------

Member ID : 144
Setting Basic Variable
Calculating Values Before Bill Generation
Bill Head Details : {"Maintenance Charges":0,"sub_total":0,"Parking Charges":0,"NOC Charges":0}
Data for late payment check model
Last Due Date : 2019-10-23
Current Bill Date : 2019-09-01
Late Payment Entry : []
Last Princpal Arrears : 0.00
Last Interest Arrears : 0.00
Current Balance : 
Last Bill Due : 2019-08-20
Days Elapsed : 1
Interestable Amount : 0.00
Current Month Interest: 0
Soft Total: 0
Bill Total Due: 0
Is Paid?: 0
Bill Status: Unpaid
New Principal Arrears : 0
0
New Member Balance : 0
Inserting data in Database
----------------------------------------------------------------------------------------------------------------------------------------------

Member ID : 145
Setting Basic Variable
Calculating Values Before Bill Generation
Bill Head Details : {"Repair Funds":300,"Service Charges":200,"Sinking Funds":50,"Maintenance Charges":150,"sub_total":700,"Parking Charges":0,"NOC Charges":0}
Data for late payment check model
Last Due Date : 2019-10-23
Current Bill Date : 2019-09-01
Late Payment Entry : []
Last Princpal Arrears : 0.00
Last Interest Arrears : 0.00
Current Balance : 
Last Bill Due : 2019-08-20
Days Elapsed : 1
Interestable Amount : 0.00
Current Month Interest: 0
Soft Total: 700
Bill Total Due: 700
Is Paid?: 0
Bill Status: Unpaid
New Principal Arrears : 700
0
New Member Balance : -700
Inserting data in Database
----------------------------------------------------------------------------------------------------------------------------------------------

Member ID : 146
Setting Basic Variable
Calculating Values Before Bill Generation
Bill Head Details : {"Repair Funds":350,"Service Charges":200,"Sinking Funds":75,"Maintenance Charges":200,"sub_total":950,"Parking Charges":100,"NOC Charges":25}
Data for late payment check model
Last Due Date : 2019-10-23
Current Bill Date : 2019-09-01
Late Payment Entry : []
Last Princpal Arrears : 0.00
Last Interest Arrears : 0.00
Current Balance : 1000.00
Last Bill Due : 2019-08-20
Days Elapsed : 1
Interestable Amount : 0.00
Current Month Interest: 0
Soft Total: 950
Bill Total Due: -50
Is Paid?: 1
Bill Status: Paid
New Principal Arrears : 0
0
New Member Balance : 50
Inserting data in Database
----------------------------------------------------------------------------------------------------------------------------------------------

