Member ID : 1152
Setting Basic Variable
Calculating Values Before Bill Generation
Bill Head Details : {"billhead-Repair Funds":"350","billhead-Service Charges":"200","billhead-Sinking Fund":"75","billhead-Maintenance Charges":"840","billhead-Normal Charge":"50","billhead-Parking Charges":"100","billhead-NOC Charges":"0"}
Last Princpal Arrears : 300
Last Interest Arrears : 0
Current Month Interest: 0
Soft Total: 1615
Bill Total Due: 1915
Inserting data in Database
----------------------------------------------------------------------------------------------------------------------------------------------

Member ID : 1153
Setting Basic Variable
Calculating Values Before Bill Generation
Bill Head Details : {"billhead-Repair Funds":"400","billhead-Service Charges":"200","billhead-Sinking Fund":"75","billhead-Maintenance Charges":"900","billhead-Normal Charge":"50","billhead-Parking Charges":"50","billhead-NOC Charges":"0"}
Last Princpal Arrears : 0
Last Interest Arrears : 20
Current Month Interest: 50
Soft Total: 1675
Bill Total Due: 1745
Inserting data in Database
----------------------------------------------------------------------------------------------------------------------------------------------

Member ID : 1154
Setting Basic Variable
Calculating Values Before Bill Generation
Bill Head Details : {"billhead-Repair Funds":"350","billhead-Service Charges":"200","billhead-Sinking Fund":"75","billhead-Maintenance Charges":"840","billhead-Normal Charge":"50","billhead-Parking Charges":"0","billhead-NOC Charges":"0"}
Last Princpal Arrears : 0
Last Interest Arrears : 0
Current Month Interest: 0
Soft Total: 1515
Bill Total Due: 1515
Inserting data in Database
----------------------------------------------------------------------------------------------------------------------------------------------

Member ID : 1155
Setting Basic Variable
Calculating Values Before Bill Generation
Bill Head Details : {"billhead-Repair Funds":"350","billhead-Service Charges":"200","billhead-Sinking Fund":"75","billhead-Maintenance Charges":"840","billhead-Normal Charge":"50","billhead-Parking Charges":"50","billhead-NOC Charges":"0"}
Last Princpal Arrears : 0
Last Interest Arrears : 10
Current Month Interest: 0
Soft Total: 1565
Bill Total Due: 1575
Inserting data in Database
----------------------------------------------------------------------------------------------------------------------------------------------

Member ID : 1156
Setting Basic Variable
Calculating Values Before Bill Generation
Bill Head Details : {"billhead-Repair Funds":"350","billhead-Service Charges":"200","billhead-Sinking Fund":"75","billhead-Maintenance Charges":"840","billhead-Normal Charge":"50","billhead-Parking Charges":"0","billhead-NOC Charges":"0"}
Last Princpal Arrears : 0
Last Interest Arrears : 0
Current Month Interest: 0
Soft Total: 1515
Bill Total Due: 1605
Inserting data in Database
----------------------------------------------------------------------------------------------------------------------------------------------

Member ID : 1157
Setting Basic Variable
Calculating Values Before Bill Generation
Bill Head Details : {"billhead-Repair Funds":"350","billhead-Service Charges":"200","billhead-Sinking Fund":"75","billhead-Maintenance Charges":"840","billhead-Normal Charge":"50","billhead-Parking Charges":"0","billhead-NOC Charges":"0"}
Last Princpal Arrears : 0
Last Interest Arrears : 0
Current Month Interest: 0
Soft Total: 1515
Bill Total Due: 1515
Inserting data in Database
----------------------------------------------------------------------------------------------------------------------------------------------

Member ID : 1158
Setting Basic Variable
Calculating Values Before Bill Generation
Bill Head Details : {"billhead-Repair Funds":"350","billhead-Service Charges":"200","billhead-Sinking Fund":"75","billhead-Maintenance Charges":"840","billhead-Normal Charge":"50","billhead-Parking Charges":"100","billhead-NOC Charges":"0"}
Last Princpal Arrears : 150
Last Interest Arrears : 0
Current Month Interest: 0
Soft Total: 1615
Bill Total Due: 1765
Inserting data in Database
----------------------------------------------------------------------------------------------------------------------------------------------

Member ID : 1159
Setting Basic Variable
Calculating Values Before Bill Generation
Bill Head Details : {"billhead-Repair Funds":"400","billhead-Service Charges":"200","billhead-Sinking Fund":"75","billhead-Maintenance Charges":"900","billhead-Normal Charge":"50","billhead-Parking Charges":"20","billhead-NOC Charges":"0"}
Last Princpal Arrears : 0
Last Interest Arrears : 0
Current Month Interest: 0
Soft Total: 1645
Bill Total Due: 1645
Inserting data in Database
----------------------------------------------------------------------------------------------------------------------------------------------

Member ID : 1160
Setting Basic Variable
Calculating Values Before Bill Generation
Bill Head Details : {"billhead-Repair Funds":"400","billhead-Service Charges":"200","billhead-Sinking Fund":"75","billhead-Maintenance Charges":"900","billhead-Normal Charge":"50","billhead-Parking Charges":"30","billhead-NOC Charges":"0"}
Last Princpal Arrears : 0
Last Interest Arrears : 0
Current Month Interest: 0
Soft Total: 1655
Bill Total Due: 1855
Inserting data in Database
----------------------------------------------------------------------------------------------------------------------------------------------

Member ID : 1161
Setting Basic Variable
Calculating Values Before Bill Generation
Bill Head Details : {"billhead-Repair Funds":"350","billhead-Service Charges":"200","billhead-Sinking Fund":"75","billhead-Maintenance Charges":"840","billhead-Normal Charge":"50","billhead-Parking Charges":"0","billhead-NOC Charges":"0"}
Last Princpal Arrears : 0
Last Interest Arrears : 0
Current Month Interest: 0
Soft Total: 1515
Bill Total Due: 1515
Inserting data in Database
----------------------------------------------------------------------------------------------------------------------------------------------

Member ID : 1162
Setting Basic Variable
Calculating Values Before Bill Generation
Bill Head Details : {"billhead-Repair Funds":"350","billhead-Service Charges":"200","billhead-Sinking Fund":"75","billhead-Maintenance Charges":"840","billhead-Normal Charge":"50","billhead-Parking Charges":"0","billhead-NOC Charges":"0"}
Last Princpal Arrears : 0
Last Interest Arrears : 0
Current Month Interest: 0
Soft Total: 1515
Bill Total Due: 1515
Inserting data in Database
----------------------------------------------------------------------------------------------------------------------------------------------

Member ID : 1163
Setting Basic Variable
Calculating Values Before Bill Generation
Bill Head Details : {"billhead-Repair Funds":"400","billhead-Service Charges":"200","billhead-Sinking Fund":"75","billhead-Maintenance Charges":"900","billhead-Normal Charge":"50","billhead-Parking Charges":"0","billhead-NOC Charges":"0"}
Last Princpal Arrears : 0
Last Interest Arrears : 0
Current Month Interest: 100
Soft Total: 1625
Bill Total Due: 1725
Inserting data in Database
----------------------------------------------------------------------------------------------------------------------------------------------

Member ID : 1164
Setting Basic Variable
Calculating Values Before Bill Generation
Bill Head Details : {"billhead-Repair Funds":"350","billhead-Service Charges":"200","billhead-Sinking Fund":"75","billhead-Maintenance Charges":"840","billhead-Normal Charge":"50","billhead-Parking Charges":"0","billhead-NOC Charges":"0"}
Last Princpal Arrears : 0
Last Interest Arrears : 0
Current Month Interest: 0
Soft Total: 1515
Bill Total Due: 1515
Inserting data in Database
----------------------------------------------------------------------------------------------------------------------------------------------

Member ID : 1165
Setting Basic Variable
Calculating Values Before Bill Generation
Bill Head Details : {"billhead-Repair Funds":"350","billhead-Service Charges":"200","billhead-Sinking Fund":"75","billhead-Maintenance Charges":"840","billhead-Normal Charge":"50","billhead-Parking Charges":"0","billhead-NOC Charges":"0"}
Last Princpal Arrears : 0
Last Interest Arrears : 0
Current Month Interest: 0
Soft Total: 1515
Bill Total Due: 1515
Inserting data in Database
----------------------------------------------------------------------------------------------------------------------------------------------

Member ID : 1166
Setting Basic Variable
Calculating Values Before Bill Generation
Bill Head Details : {"billhead-Repair Funds":"400","billhead-Service Charges":"200","billhead-Sinking Fund":"75","billhead-Maintenance Charges":"900","billhead-Normal Charge":"50","billhead-Parking Charges":"90","billhead-NOC Charges":"0"}
Last Princpal Arrears : 0
Last Interest Arrears : 90
Current Month Interest: 0
Soft Total: 1715
Bill Total Due: 1805
Inserting data in Database
----------------------------------------------------------------------------------------------------------------------------------------------

Member ID : 1212
Setting Basic Variable
Calculating Values Before Bill Generation
Bill Head Details : {"billhead-Repair Funds":"350","billhead-Service Charges":"200","billhead-Sinking Fund":"75","billhead-Maintenance Charges":"840","billhead-Normal Charge":"50","billhead-Parking Charges":"100","billhead-NOC Charges":"0"}
Last Princpal Arrears : 300
Last Interest Arrears : 0
Current Month Interest: 0
Soft Total: 1615
Bill Total Due: 1915
Inserting data in Database
----------------------------------------------------------------------------------------------------------------------------------------------

Member ID : 1213
Setting Basic Variable
Calculating Values Before Bill Generation
Bill Head Details : {"billhead-Repair Funds":"400","billhead-Service Charges":"200","billhead-Sinking Fund":"75","billhead-Maintenance Charges":"900","billhead-Normal Charge":"50","billhead-Parking Charges":"50","billhead-NOC Charges":"0"}
Last Princpal Arrears : 0
Last Interest Arrears : 20
Current Month Interest: 50
Soft Total: 1675
Bill Total Due: 1745
Inserting data in Database
----------------------------------------------------------------------------------------------------------------------------------------------

Member ID : 1214
Setting Basic Variable
Calculating Values Before Bill Generation
Bill Head Details : {"billhead-Repair Funds":"350","billhead-Service Charges":"200","billhead-Sinking Fund":"75","billhead-Maintenance Charges":"840","billhead-Normal Charge":"50","billhead-Parking Charges":"0","billhead-NOC Charges":"0"}
Last Princpal Arrears : 0
Last Interest Arrears : 0
Current Month Interest: 0
Soft Total: 1515
Bill Total Due: 1515
Inserting data in Database
----------------------------------------------------------------------------------------------------------------------------------------------

Member ID : 1215
Setting Basic Variable
Calculating Values Before Bill Generation
Bill Head Details : {"billhead-Repair Funds":"350","billhead-Service Charges":"200","billhead-Sinking Fund":"75","billhead-Maintenance Charges":"840","billhead-Normal Charge":"50","billhead-Parking Charges":"50","billhead-NOC Charges":"0"}
Last Princpal Arrears : 0
Last Interest Arrears : 10
Current Month Interest: 0
Soft Total: 1565
Bill Total Due: 1575
Inserting data in Database
----------------------------------------------------------------------------------------------------------------------------------------------

Member ID : 1216
Setting Basic Variable
Calculating Values Before Bill Generation
Bill Head Details : {"billhead-Repair Funds":"350","billhead-Service Charges":"200","billhead-Sinking Fund":"75","billhead-Maintenance Charges":"840","billhead-Normal Charge":"50","billhead-Parking Charges":"0","billhead-NOC Charges":"0"}
Last Princpal Arrears : 0
Last Interest Arrears : 0
Current Month Interest: 0
Soft Total: 1515
Bill Total Due: 1605
Inserting data in Database
----------------------------------------------------------------------------------------------------------------------------------------------

Member ID : 1217
Setting Basic Variable
Calculating Values Before Bill Generation
Bill Head Details : {"billhead-Repair Funds":"350","billhead-Service Charges":"200","billhead-Sinking Fund":"75","billhead-Maintenance Charges":"840","billhead-Normal Charge":"50","billhead-Parking Charges":"0","billhead-NOC Charges":"0"}
Last Princpal Arrears : 0
Last Interest Arrears : 0
Current Month Interest: 0
Soft Total: 1515
Bill Total Due: 1515
Inserting data in Database
----------------------------------------------------------------------------------------------------------------------------------------------

Member ID : 1218
Setting Basic Variable
Calculating Values Before Bill Generation
Bill Head Details : {"billhead-Repair Funds":"350","billhead-Service Charges":"200","billhead-Sinking Fund":"75","billhead-Maintenance Charges":"840","billhead-Normal Charge":"50","billhead-Parking Charges":"100","billhead-NOC Charges":"0"}
Last Princpal Arrears : 150
Last Interest Arrears : 0
Current Month Interest: 0
Soft Total: 1615
Bill Total Due: 1765
Inserting data in Database
----------------------------------------------------------------------------------------------------------------------------------------------

Member ID : 1219
Setting Basic Variable
Calculating Values Before Bill Generation
Bill Head Details : {"billhead-Repair Funds":"400","billhead-Service Charges":"200","billhead-Sinking Fund":"75","billhead-Maintenance Charges":"900","billhead-Normal Charge":"50","billhead-Parking Charges":"20","billhead-NOC Charges":"0"}
Last Princpal Arrears : 0
Last Interest Arrears : 0
Current Month Interest: 0
Soft Total: 1645
Bill Total Due: 1645
Inserting data in Database
----------------------------------------------------------------------------------------------------------------------------------------------

Member ID : 1220
Setting Basic Variable
Calculating Values Before Bill Generation
Bill Head Details : {"billhead-Repair Funds":"400","billhead-Service Charges":"200","billhead-Sinking Fund":"75","billhead-Maintenance Charges":"900","billhead-Normal Charge":"50","billhead-Parking Charges":"30","billhead-NOC Charges":"0"}
Last Princpal Arrears : 0
Last Interest Arrears : 0
Current Month Interest: 0
Soft Total: 1655
Bill Total Due: 1855
Inserting data in Database
----------------------------------------------------------------------------------------------------------------------------------------------

Member ID : 1221
Setting Basic Variable
Calculating Values Before Bill Generation
Bill Head Details : {"billhead-Repair Funds":"350","billhead-Service Charges":"200","billhead-Sinking Fund":"75","billhead-Maintenance Charges":"840","billhead-Normal Charge":"50","billhead-Parking Charges":"0","billhead-NOC Charges":"0"}
Last Princpal Arrears : 0
Last Interest Arrears : 0
Current Month Interest: 0
Soft Total: 1515
Bill Total Due: 1515
Inserting data in Database
----------------------------------------------------------------------------------------------------------------------------------------------

Member ID : 1222
Setting Basic Variable
Calculating Values Before Bill Generation
Bill Head Details : {"billhead-Repair Funds":"350","billhead-Service Charges":"200","billhead-Sinking Fund":"75","billhead-Maintenance Charges":"840","billhead-Normal Charge":"50","billhead-Parking Charges":"0","billhead-NOC Charges":"0"}
Last Princpal Arrears : 0
Last Interest Arrears : 0
Current Month Interest: 0
Soft Total: 1515
Bill Total Due: 1515
Inserting data in Database
----------------------------------------------------------------------------------------------------------------------------------------------

Member ID : 1223
Setting Basic Variable
Calculating Values Before Bill Generation
Bill Head Details : {"billhead-Repair Funds":"400","billhead-Service Charges":"200","billhead-Sinking Fund":"75","billhead-Maintenance Charges":"900","billhead-Normal Charge":"50","billhead-Parking Charges":"0","billhead-NOC Charges":"0"}
Last Princpal Arrears : 0
Last Interest Arrears : 0
Current Month Interest: 100
Soft Total: 1625
Bill Total Due: 1725
Inserting data in Database
----------------------------------------------------------------------------------------------------------------------------------------------

Member ID : 1224
Setting Basic Variable
Calculating Values Before Bill Generation
Bill Head Details : {"billhead-Repair Funds":"350","billhead-Service Charges":"200","billhead-Sinking Fund":"75","billhead-Maintenance Charges":"840","billhead-Normal Charge":"50","billhead-Parking Charges":"0","billhead-NOC Charges":"0"}
Last Princpal Arrears : 0
Last Interest Arrears : 0
Current Month Interest: 0
Soft Total: 1515
Bill Total Due: 1515
Inserting data in Database
----------------------------------------------------------------------------------------------------------------------------------------------

Member ID : 1225
Setting Basic Variable
Calculating Values Before Bill Generation
Bill Head Details : {"billhead-Repair Funds":"350","billhead-Service Charges":"200","billhead-Sinking Fund":"75","billhead-Maintenance Charges":"840","billhead-Normal Charge":"50","billhead-Parking Charges":"0","billhead-NOC Charges":"0"}
Last Princpal Arrears : 0
Last Interest Arrears : 0
Current Month Interest: 0
Soft Total: 1515
Bill Total Due: 1515
Inserting data in Database
----------------------------------------------------------------------------------------------------------------------------------------------

Member ID : 1226
Setting Basic Variable
Calculating Values Before Bill Generation
Bill Head Details : {"billhead-Repair Funds":"400","billhead-Service Charges":"200","billhead-Sinking Fund":"75","billhead-Maintenance Charges":"900","billhead-Normal Charge":"50","billhead-Parking Charges":"90","billhead-NOC Charges":"0"}
Last Princpal Arrears : 0
Last Interest Arrears : 90
Current Month Interest: 0
Soft Total: 1715
Bill Total Due: 1805
Inserting data in Database
----------------------------------------------------------------------------------------------------------------------------------------------

