Member ID : 1144
Setting Basic Variable
Calculating Values Before Bill Generation
Bill Head Details : {"billhead-Repair Fund":"350","billhead-Service Charges":"200","billhead-Sinking Fund":"100","billhead-Maintenance Charges":"800","billhead-Parking Charges":"50","billhead-NOC Charges":"0"}
Last Princpal Arrears : 0
Last Interest Arrears : 0
Current Balance : 
Current Month Interest: 0
Soft Total: 1500
Bill Total Due: 1500
Inserting data in Database
----------------------------------------------------------------------------------------------------------------------------------------------

Member ID : 1145
Setting Basic Variable
Calculating Values Before Bill Generation
Bill Head Details : {"billhead-Repair Fund":"350","billhead-Service Charges":"200","billhead-Sinking Fund":"100","billhead-Maintenance Charges":"800","billhead-Parking Charges":"50","billhead-NOC Charges":"0"}
Last Princpal Arrears : 0
Last Interest Arrears : 0
Current Balance : 
Current Month Interest: 0
Soft Total: 1500
Bill Total Due: 1500
Inserting data in Database
----------------------------------------------------------------------------------------------------------------------------------------------

Member ID : 1146
Setting Basic Variable
Calculating Values Before Bill Generation
Bill Head Details : {"billhead-Repair Fund":"350","billhead-Service Charges":"200","billhead-Sinking Fund":"100","billhead-Maintenance Charges":"800","billhead-Parking Charges":"50","billhead-NOC Charges":"0"}
Last Princpal Arrears : 0
Last Interest Arrears : 0
Current Balance : -762.00
Current Month Interest: 0
Soft Total: 1500
Bill Total Due: 1500
Inserting data in Database
----------------------------------------------------------------------------------------------------------------------------------------------

Member ID : 1147
Setting Basic Variable
Calculating Values Before Bill Generation
Bill Head Details : {"billhead-Repair Fund":"400","billhead-Service Charges":"200","billhead-Sinking Fund":"150","billhead-Maintenance Charges":"1050","billhead-Parking Charges":"100","billhead-NOC Charges":"100"}
Last Princpal Arrears : 0
Last Interest Arrears : 0
Current Balance : 
Current Month Interest: 0
Soft Total: 2000
Bill Total Due: 2000
Inserting data in Database
----------------------------------------------------------------------------------------------------------------------------------------------

Member ID : 1148
Setting Basic Variable
Calculating Values Before Bill Generation
Bill Head Details : {"billhead-Repair Fund":"400","billhead-Service Charges":"200","billhead-Sinking Fund":"150","billhead-Maintenance Charges":"1050","billhead-Parking Charges":"100","billhead-NOC Charges":"100"}
Last Princpal Arrears : 0
Last Interest Arrears : 0
Current Balance : 
Current Month Interest: 0
Soft Total: 2000
Bill Total Due: 2000
Inserting data in Database
----------------------------------------------------------------------------------------------------------------------------------------------

Member ID : 1149
Setting Basic Variable
Calculating Values Before Bill Generation
Bill Head Details : {"billhead-Repair Fund":"400","billhead-Service Charges":"200","billhead-Sinking Fund":"150","billhead-Maintenance Charges":"1050","billhead-Parking Charges":"100","billhead-NOC Charges":"100"}
Last Princpal Arrears : 0
Last Interest Arrears : 0
Current Balance : 
Current Month Interest: 0
Soft Total: 2000
Bill Total Due: 2000
Inserting data in Database
----------------------------------------------------------------------------------------------------------------------------------------------

Member ID : 1150
Setting Basic Variable
Calculating Values Before Bill Generation
Bill Head Details : {"billhead-Repair Fund":"450","billhead-Service Charges":"200","billhead-Sinking Fund":"200","billhead-Maintenance Charges":"1610","billhead-Parking Charges":"0","billhead-NOC Charges":"0"}
Last Princpal Arrears : 2200
Last Interest Arrears : 18
Current Balance : 
Current Month Interest: 40
Soft Total: 4758
Bill Total Due: 4758
Inserting data in Database
----------------------------------------------------------------------------------------------------------------------------------------------

