Member ID : 1
Setting Basic Variable
Calculating Values Before Bill Generation
Bill Head Details : {"Repair Funds":300,"Services Charges":200,"Sinking Fund":50,"Maintenance Charges":150,"sub_total":700,"Parking Charges":0,"NOC Charges":0}
Data for late payment check model
Last Due Date : 2019-11-21
Current Bill Date : 2020-01-01
Late Payment Entry : []
Last Princpal Arrears : 200
Last Interest Arrears : 0.00
Current Balance : -200.00
Last Bill Due : 2019-11-20
Days Elapsed : 1
Interestable Amount : 200
Current Month Interest: 3.5
Soft Total: 903.5
Bill Total Due: 903.5
Is Paid?: 0
Bill Status: Unpaid
New Principal Arrears : 900
3.5
New Member Balance : -903.5
Inserting data in Database
----------------------------------------------------------------------------------------------------------------------------------------------

Member ID : 2
Setting Basic Variable
Calculating Values Before Bill Generation
Bill Head Details : {"Repair Funds":350,"Service Charges":200,"Sinking Fund":75,"Maintenance Charges":200,"sub_total":825,"Parking Charges":0,"NOC Charges":0}
Data for late payment check model
Last Due Date : 2019-11-21
Current Bill Date : 2020-01-01
Late Payment Entry : []
Last Princpal Arrears : 9.1875
Last Interest Arrears : 0.00
Current Balance : -9.19
Last Bill Due : 2019-11-20
Days Elapsed : 1
Interestable Amount : 9.1875
Current Month Interest: 0.16078125
Soft Total: 834.34828125
Bill Total Due: 834.34828125
Is Paid?: 0
Bill Status: Unpaid
New Principal Arrears : 834.1875
0.16078125
New Member Balance : -834.34828125
Inserting data in Database
----------------------------------------------------------------------------------------------------------------------------------------------

Member ID : 3
Setting Basic Variable
Calculating Values Before Bill Generation
Bill Head Details : {"Repair Funds":300,"Services Charges":200,"Sinking Fund":50,"Maintenance Charges":150,"sub_total":700,"Parking Charges":0,"NOC Charges":0}
Data for late payment check model
Last Due Date : 2019-11-21
Current Bill Date : 2020-01-01
Late Payment Entry : []
Last Princpal Arrears : 0.00
Last Interest Arrears : 0.00
Current Balance : 
Last Bill Due : 2019-11-20
Days Elapsed : 1
Interestable Amount : 0.00
Current Month Interest: 0
Soft Total: 700
Bill Total Due: 700
Is Paid?: 0
Bill Status: Unpaid
New Principal Arrears : 700
0
New Member Balance : -700
Inserting data in Database
----------------------------------------------------------------------------------------------------------------------------------------------

Member ID : 4
Setting Basic Variable
Calculating Values Before Bill Generation
Bill Head Details : {"Repair Funds":350,"Service Charges":200,"Sinking Fund":75,"Maintenance Charges":200,"sub_total":825,"Parking Charges":0,"NOC Charges":0}
Data for late payment check model
Last Due Date : 2019-11-21
Current Bill Date : 2020-01-01
Late Payment Entry : []
Last Princpal Arrears : 0.00
Last Interest Arrears : 0.00
Current Balance : 
Last Bill Due : 2019-11-20
Days Elapsed : 1
Interestable Amount : 0.00
Current Month Interest: 0
Soft Total: 825
Bill Total Due: 825
Is Paid?: 0
Bill Status: Unpaid
New Principal Arrears : 825
0
New Member Balance : -825
Inserting data in Database
----------------------------------------------------------------------------------------------------------------------------------------------

Member ID : 5
Setting Basic Variable
Calculating Values Before Bill Generation
Bill Head Details : {"Repair Funds":300,"Services Charges":200,"Sinking Fund":50,"Maintenance Charges":150,"sub_total":925,"Parking Charges":200,"NOC Charges":25}
Data for late payment check model
Last Due Date : 2019-11-21
Current Bill Date : 2020-01-01
Late Payment Entry : []
Last Princpal Arrears : 0.00
Last Interest Arrears : 0.00
Current Balance : 1.05
Last Bill Due : 2019-11-20
Days Elapsed : 1
Interestable Amount : 0.00
Current Month Interest: 0
Soft Total: 925
Bill Total Due: 923.95
Is Paid?: -1
Bill Status: Partially Paid
New Principal Arrears : 923.95
0
New Member Balance : -923.95
Inserting data in Database
----------------------------------------------------------------------------------------------------------------------------------------------

Member ID : 6
Setting Basic Variable
Calculating Values Before Bill Generation
Bill Head Details : {"Repair Funds":350,"Service Charges":200,"Sinking Fund":75,"Maintenance Charges":200,"sub_total":825,"Parking Charges":0,"NOC Charges":0}
Data for late payment check model
Last Due Date : 2019-11-21
Current Bill Date : 2020-01-01
Late Payment Entry : []
Last Princpal Arrears : 825
Last Interest Arrears : 14.4375
Current Balance : -839.44
Last Bill Due : 2019-11-20
Days Elapsed : 1
Interestable Amount : 825
Current Month Interest: 14.4375
Soft Total: 1678.875
Bill Total Due: 1678.875
Is Paid?: 0
Bill Status: Unpaid
New Principal Arrears : 1650
14.4375
New Member Balance : -1678.875
Inserting data in Database
----------------------------------------------------------------------------------------------------------------------------------------------

Member ID : 7
Setting Basic Variable
Calculating Values Before Bill Generation
Bill Head Details : {"Repair Funds":300,"Services Charges":200,"Sinking Fund":50,"Maintenance Charges":150,"sub_total":700,"Parking Charges":0,"NOC Charges":0}
Data for late payment check model
Last Due Date : 2019-11-21
Current Bill Date : 2020-01-01
Late Payment Entry : []
Last Princpal Arrears : 700
Last Interest Arrears : 0.00
Current Balance : -700.00
Last Bill Due : 2019-11-20
Days Elapsed : 1
Interestable Amount : 700
Current Month Interest: 12.25
Soft Total: 1412.25
Bill Total Due: 1412.25
Is Paid?: 0
Bill Status: Unpaid
New Principal Arrears : 1400
12.25
New Member Balance : -1412.25
Inserting data in Database
----------------------------------------------------------------------------------------------------------------------------------------------

Member ID : 8
Setting Basic Variable
Calculating Values Before Bill Generation
Bill Head Details : {"Maintenance Charges":0,"sub_total":0,"Parking Charges":0,"NOC Charges":0}
Data for late payment check model
Last Due Date : 2019-11-21
Current Bill Date : 2020-01-01
Late Payment Entry : []
Last Princpal Arrears : 0.00
Last Interest Arrears : 0.00
Current Balance : 
Last Bill Due : 2019-11-20
Days Elapsed : 1
Interestable Amount : 0.00
Current Month Interest: 0
Soft Total: 0
Bill Total Due: 0
Is Paid?: 0
Bill Status: Unpaid
New Principal Arrears : 0
0
New Member Balance : -0
Inserting data in Database
----------------------------------------------------------------------------------------------------------------------------------------------

Member ID : 9
Setting Basic Variable
Calculating Values Before Bill Generation
Bill Head Details : {"Repair Funds":300,"Services Charges":200,"Sinking Fund":50,"Maintenance Charges":150,"sub_total":700,"Parking Charges":0,"NOC Charges":0}
Data for late payment check model
Last Due Date : 2019-11-21
Current Bill Date : 2020-01-01
Late Payment Entry : []
Last Princpal Arrears : 0.00
Last Interest Arrears : 0.00
Current Balance : 63.25
Last Bill Due : 2019-11-20
Days Elapsed : 1
Interestable Amount : 0.00
Current Month Interest: 0
Soft Total: 700
Bill Total Due: 636.75
Is Paid?: -1
Bill Status: Partially Paid
New Principal Arrears : 636.75
0
New Member Balance : -636.75
Inserting data in Database
----------------------------------------------------------------------------------------------------------------------------------------------

Member ID : 10
Setting Basic Variable
Calculating Values Before Bill Generation
Bill Head Details : {"Repair Funds":350,"Service Charges":200,"Sinking Fund":75,"Maintenance Charges":200,"sub_total":950,"Parking Charges":100,"NOC Charges":25}
Data for late payment check model
Last Due Date : 2019-11-21
Current Bill Date : 2020-01-01
Late Payment Entry : []
Last Princpal Arrears : 600.75
Last Interest Arrears : 0.00
Current Balance : -600.75
Last Bill Due : 2019-11-20
Days Elapsed : 1
Interestable Amount : 600.75
Current Month Interest: 10.513125
Soft Total: 1561.263125
Bill Total Due: 1561.263125
Is Paid?: 0
Bill Status: Unpaid
New Principal Arrears : 1550.75
10.513125
New Member Balance : -1561.263125
Inserting data in Database
----------------------------------------------------------------------------------------------------------------------------------------------

Member ID : 1
Setting Basic Variable
Calculating Values Before Bill Generation
Bill Head Details : {"Repair Funds":300,"Services Charges":200,"Sinking Fund":50,"Maintenance Charges":150,"sub_total":700,"Parking Charges":0,"NOC Charges":0}
Data for late payment check model
Last Due Date : 2019-11-21
Current Bill Date : 2020-01-01
Late Payment Entry : []
Last Princpal Arrears : 200
Last Interest Arrears : 0.00
Current Balance : -200.00
Last Bill Due : 2019-11-20
Days Elapsed : 1
Interestable Amount : 200
Current Month Interest: 3.5
Soft Total: 903.5
Bill Total Due: 903.5
Is Paid?: 0
Bill Status: Unpaid
New Principal Arrears : 900
3.5
New Member Balance : -903.5
Inserting data in Database
----------------------------------------------------------------------------------------------------------------------------------------------

Member ID : 2
Setting Basic Variable
Calculating Values Before Bill Generation
Bill Head Details : {"Repair Funds":350,"Service Charges":200,"Sinking Fund":75,"Maintenance Charges":200,"sub_total":825,"Parking Charges":0,"NOC Charges":0}
Data for late payment check model
Last Due Date : 2019-11-21
Current Bill Date : 2020-01-01
Late Payment Entry : []
Last Princpal Arrears : 9.1875
Last Interest Arrears : 0.00
Current Balance : -9.19
Last Bill Due : 2019-11-20
Days Elapsed : 1
Interestable Amount : 9.1875
Current Month Interest: 0.16078125
Soft Total: 834.34828125
Bill Total Due: 834.34828125
Is Paid?: 0
Bill Status: Unpaid
New Principal Arrears : 834.1875
0.16078125
New Member Balance : -834.34828125
Inserting data in Database
----------------------------------------------------------------------------------------------------------------------------------------------

Member ID : 3
Setting Basic Variable
Calculating Values Before Bill Generation
Bill Head Details : {"Repair Funds":300,"Services Charges":200,"Sinking Fund":50,"Maintenance Charges":150,"sub_total":700,"Parking Charges":0,"NOC Charges":0}
Data for late payment check model
Last Due Date : 2019-11-21
Current Bill Date : 2020-01-01
Late Payment Entry : []
Last Princpal Arrears : 0.00
Last Interest Arrears : 0.00
Current Balance : 
Last Bill Due : 2019-11-20
Days Elapsed : 1
Interestable Amount : 0.00
Current Month Interest: 0
Soft Total: 700
Bill Total Due: 700
Is Paid?: 0
Bill Status: Unpaid
New Principal Arrears : 700
0
New Member Balance : -700
Inserting data in Database
----------------------------------------------------------------------------------------------------------------------------------------------

Member ID : 4
Setting Basic Variable
Calculating Values Before Bill Generation
Bill Head Details : {"Repair Funds":350,"Service Charges":200,"Sinking Fund":75,"Maintenance Charges":200,"sub_total":825,"Parking Charges":0,"NOC Charges":0}
Data for late payment check model
Last Due Date : 2019-11-21
Current Bill Date : 2020-01-01
Late Payment Entry : []
Last Princpal Arrears : 0.00
Last Interest Arrears : 0.00
Current Balance : 
Last Bill Due : 2019-11-20
Days Elapsed : 1
Interestable Amount : 0.00
Current Month Interest: 0
Soft Total: 825
Bill Total Due: 825
Is Paid?: 0
Bill Status: Unpaid
New Principal Arrears : 825
0
New Member Balance : -825
Inserting data in Database
----------------------------------------------------------------------------------------------------------------------------------------------

Member ID : 5
Setting Basic Variable
Calculating Values Before Bill Generation
Bill Head Details : {"Repair Funds":300,"Services Charges":200,"Sinking Fund":50,"Maintenance Charges":150,"sub_total":925,"Parking Charges":200,"NOC Charges":25}
Data for late payment check model
Last Due Date : 2019-11-21
Current Bill Date : 2020-01-01
Late Payment Entry : []
Last Princpal Arrears : 0.00
Last Interest Arrears : 0.00
Current Balance : 1.05
Last Bill Due : 2019-11-20
Days Elapsed : 1
Interestable Amount : 0.00
Current Month Interest: 0
Soft Total: 925
Bill Total Due: 923.95
Is Paid?: -1
Bill Status: Partially Paid
New Principal Arrears : 923.95
0
New Member Balance : -923.95
Inserting data in Database
----------------------------------------------------------------------------------------------------------------------------------------------

Member ID : 6
Setting Basic Variable
Calculating Values Before Bill Generation
Bill Head Details : {"Repair Funds":350,"Service Charges":200,"Sinking Fund":75,"Maintenance Charges":200,"sub_total":825,"Parking Charges":0,"NOC Charges":0}
Data for late payment check model
Last Due Date : 2019-11-21
Current Bill Date : 2020-01-01
Late Payment Entry : []
Last Princpal Arrears : 825
Last Interest Arrears : 14.4375
Current Balance : -839.44
Last Bill Due : 2019-11-20
Days Elapsed : 1
Interestable Amount : 825
Current Month Interest: 14.4375
Soft Total: 1678.875
Bill Total Due: 1678.875
Is Paid?: 0
Bill Status: Unpaid
New Principal Arrears : 1650
14.4375
New Member Balance : -1678.875
Inserting data in Database
----------------------------------------------------------------------------------------------------------------------------------------------

Member ID : 7
Setting Basic Variable
Calculating Values Before Bill Generation
Bill Head Details : {"Repair Funds":300,"Services Charges":200,"Sinking Fund":50,"Maintenance Charges":150,"sub_total":700,"Parking Charges":0,"NOC Charges":0}
Data for late payment check model
Last Due Date : 2019-11-21
Current Bill Date : 2020-01-01
Late Payment Entry : []
Last Princpal Arrears : 700
Last Interest Arrears : 0.00
Current Balance : -700.00
Last Bill Due : 2019-11-20
Days Elapsed : 1
Interestable Amount : 700
Current Month Interest: 12.25
Soft Total: 1412.25
Bill Total Due: 1412.25
Is Paid?: 0
Bill Status: Unpaid
New Principal Arrears : 1400
12.25
New Member Balance : -1412.25
Inserting data in Database
----------------------------------------------------------------------------------------------------------------------------------------------

Member ID : 8
Setting Basic Variable
Calculating Values Before Bill Generation
Bill Head Details : {"Maintenance Charges":0,"sub_total":0,"Parking Charges":0,"NOC Charges":0}
Data for late payment check model
Last Due Date : 2019-11-21
Current Bill Date : 2020-01-01
Late Payment Entry : []
Last Princpal Arrears : 0.00
Last Interest Arrears : 0.00
Current Balance : 
Last Bill Due : 2019-11-20
Days Elapsed : 1
Interestable Amount : 0.00
Current Month Interest: 0
Soft Total: 0
Bill Total Due: 0
Is Paid?: 0
Bill Status: Unpaid
New Principal Arrears : 0
0
New Member Balance : -0
Inserting data in Database
----------------------------------------------------------------------------------------------------------------------------------------------

Member ID : 9
Setting Basic Variable
Calculating Values Before Bill Generation
Bill Head Details : {"Repair Funds":300,"Services Charges":200,"Sinking Fund":50,"Maintenance Charges":150,"sub_total":700,"Parking Charges":0,"NOC Charges":0}
Data for late payment check model
Last Due Date : 2019-11-21
Current Bill Date : 2020-01-01
Late Payment Entry : []
Last Princpal Arrears : 0.00
Last Interest Arrears : 0.00
Current Balance : 63.25
Last Bill Due : 2019-11-20
Days Elapsed : 1
Interestable Amount : 0.00
Current Month Interest: 0
Soft Total: 700
Bill Total Due: 636.75
Is Paid?: -1
Bill Status: Partially Paid
New Principal Arrears : 636.75
0
New Member Balance : -636.75
Inserting data in Database
----------------------------------------------------------------------------------------------------------------------------------------------

Member ID : 10
Setting Basic Variable
Calculating Values Before Bill Generation
Bill Head Details : {"Repair Funds":350,"Service Charges":200,"Sinking Fund":75,"Maintenance Charges":200,"sub_total":950,"Parking Charges":100,"NOC Charges":25}
Data for late payment check model
Last Due Date : 2019-11-21
Current Bill Date : 2020-01-01
Late Payment Entry : []
Last Princpal Arrears : 600.75
Last Interest Arrears : 0.00
Current Balance : -600.75
Last Bill Due : 2019-11-20
Days Elapsed : 1
Interestable Amount : 600.75
Current Month Interest: 10.513125
Soft Total: 1561.263125
Bill Total Due: 1561.263125
Is Paid?: 0
Bill Status: Unpaid
New Principal Arrears : 1550.75
10.513125
New Member Balance : -1561.263125
Inserting data in Database
----------------------------------------------------------------------------------------------------------------------------------------------

