Member ID : 1
Setting Basic Variable
Calculating Values Before Bill Generation
Bill Head Details : {"Repair Funds":300,"Services Charges":200,"Sinking Fund":50,"Maintenance Charges":150,"sub_total":700,"Parking Charges":0,"NOC Charges":0}
Data for late payment check model
Last Due Date : 2019-10-21
Current Bill Date : 2019-11-01
Late Payment Entry : []
Last Princpal Arrears : 0.00
Last Interest Arrears : 0.00
Current Balance : 
Last Bill Due : 2019-10-20
Days Elapsed : 1
Interestable Amount : 0.00
Current Month Interest: 0
Soft Total: 700
Bill Total Due: 700
Is Paid?: 0
Bill Status: Unpaid
New Principal Arrears : 700
0
New Member Balance : -700
Inserting data in Database
----------------------------------------------------------------------------------------------------------------------------------------------

Member ID : 2
Setting Basic Variable
Calculating Values Before Bill Generation
Bill Head Details : {"Repair Funds":350,"Service Charges":200,"Sinking Fund":75,"Maintenance Charges":200,"sub_total":825,"Parking Charges":0,"NOC Charges":0}
Data for late payment check model
Last Due Date : 2019-10-21
Current Bill Date : 2019-11-01
Late Payment Entry : [{"id":"9","payment_date":"2019-10-25","due_date":null,"narration":"Testing","credit":"300.00","debit":null,"balance":"300.00","paid_by":"Credit Note","details":null,"status":null,"updated_at":"2019-10-22 11:16:32","member_id":"2","society_id":"1","arrears":"0.00","bill_id":null,"bank_id":null,"cheque_no":null,"is_cash":"0","is_arrears":"0","is_credit_note":"0","is_debit_note":"0","is_reversal":"0","depositor_bank":null,"receipt_id":"9"}]
Last Princpal Arrears : 0.00
Last Interest Arrears : 0.00
Current Balance : 
Last Bill Due : 2019-10-20
Days Elapsed : 1
Interestable Amount : 0.00
Current Month Interest: 0
Updating Interest as per last payment date
Changed Interest : 9.1875
Soft Total: 834.1875
Bill Total Due: 834.1875
Is Paid?: 0
Bill Status: Unpaid
New Principal Arrears : 825
9.1875
New Member Balance : -834.1875
Inserting data in Database
----------------------------------------------------------------------------------------------------------------------------------------------

Member ID : 3
Setting Basic Variable
Calculating Values Before Bill Generation
Bill Head Details : {"Repair Funds":300,"Services Charges":200,"Sinking Fund":50,"Maintenance Charges":150,"sub_total":700,"Parking Charges":0,"NOC Charges":0}
Data for late payment check model
Last Due Date : 2019-10-21
Current Bill Date : 2019-11-01
Late Payment Entry : []
Last Princpal Arrears : 0.00
Last Interest Arrears : 0.00
Current Balance : 
Last Bill Due : 2019-10-20
Days Elapsed : 1
Interestable Amount : 0.00
Current Month Interest: 0
Soft Total: 700
Bill Total Due: 700
Is Paid?: 0
Bill Status: Unpaid
New Principal Arrears : 700
0
New Member Balance : -700
Inserting data in Database
----------------------------------------------------------------------------------------------------------------------------------------------

Member ID : 4
Setting Basic Variable
Calculating Values Before Bill Generation
Bill Head Details : {"Repair Funds":350,"Service Charges":200,"Sinking Fund":75,"Maintenance Charges":200,"sub_total":825,"Parking Charges":0,"NOC Charges":0}
Data for late payment check model
Last Due Date : 2019-10-21
Current Bill Date : 2019-11-01
Late Payment Entry : []
Last Princpal Arrears : 0.00
Last Interest Arrears : 0.00
Current Balance : 
Last Bill Due : 2019-10-20
Days Elapsed : 1
Interestable Amount : 0.00
Current Month Interest: 0
Soft Total: 825
Bill Total Due: 825
Is Paid?: 0
Bill Status: Unpaid
New Principal Arrears : 825
0
New Member Balance : -825
Inserting data in Database
----------------------------------------------------------------------------------------------------------------------------------------------

Member ID : 5
Setting Basic Variable
Calculating Values Before Bill Generation
Bill Head Details : {"Repair Funds":300,"Services Charges":200,"Sinking Fund":50,"Maintenance Charges":150,"sub_total":925,"Parking Charges":200,"NOC Charges":25}
Data for late payment check model
Last Due Date : 2019-10-21
Current Bill Date : 2019-11-01
Late Payment Entry : []
Last Princpal Arrears : 24.9375
Last Interest Arrears : 0.00
Current Balance : -24.94
Last Bill Due : 2019-10-20
Days Elapsed : 1
Interestable Amount : 24.9375
Current Month Interest: 0.43640625
Soft Total: 950.37390625
Bill Total Due: 950.37390625
Is Paid?: 0
Bill Status: Unpaid
New Principal Arrears : 949.9375
0.43640625
New Member Balance : -950.37390625
Inserting data in Database
----------------------------------------------------------------------------------------------------------------------------------------------

Member ID : 6
Setting Basic Variable
Calculating Values Before Bill Generation
Bill Head Details : {"Repair Funds":350,"Service Charges":200,"Sinking Fund":75,"Maintenance Charges":200,"sub_total":825,"Parking Charges":0,"NOC Charges":0}
Data for late payment check model
Last Due Date : 2019-10-21
Current Bill Date : 2019-11-01
Late Payment Entry : [{"id":"15","payment_date":"2019-10-28","due_date":null,"narration":"Payment Recieved","credit":"825.00","debit":null,"balance":"0.00","paid_by":"Cheque","details":null,"status":null,"updated_at":"2019-10-22 11:23:48","member_id":"6","society_id":"1","arrears":"0.00","bill_id":null,"bank_id":"1","cheque_no":"1667942","is_cash":"0","is_arrears":"0","is_credit_note":"0","is_debit_note":"0","is_reversal":"0","depositor_bank":"ABC Bank","receipt_id":"15"}]
Last Princpal Arrears : 0.00
Last Interest Arrears : 0.00
Current Balance : 
Last Bill Due : 2019-10-20
Days Elapsed : 1
Interestable Amount : 0.00
Current Month Interest: 0
Updating Interest as per last payment date
Changed Interest : 14.4375
Soft Total: 839.4375
Bill Total Due: 839.4375
Is Paid?: 0
Bill Status: Unpaid
New Principal Arrears : 825
14.4375
New Member Balance : -839.4375
Inserting data in Database
----------------------------------------------------------------------------------------------------------------------------------------------

Member ID : 7
Setting Basic Variable
Calculating Values Before Bill Generation
Bill Head Details : {"Repair Funds":300,"Services Charges":200,"Sinking Fund":50,"Maintenance Charges":150,"sub_total":700,"Parking Charges":0,"NOC Charges":0}
Data for late payment check model
Last Due Date : 2019-10-21
Current Bill Date : 2019-11-01
Late Payment Entry : []
Last Princpal Arrears : 0.00
Last Interest Arrears : 0.00
Current Balance : 
Last Bill Due : 2019-10-20
Days Elapsed : 1
Interestable Amount : 0.00
Current Month Interest: 0
Soft Total: 700
Bill Total Due: 700
Is Paid?: 0
Bill Status: Unpaid
New Principal Arrears : 700
0
New Member Balance : -700
Inserting data in Database
----------------------------------------------------------------------------------------------------------------------------------------------

Member ID : 8
Setting Basic Variable
Calculating Values Before Bill Generation
Bill Head Details : {"Maintenance Charges":0,"sub_total":0,"Parking Charges":0,"NOC Charges":0}
Data for late payment check model
Last Due Date : 2019-10-21
Current Bill Date : 2019-11-01
Late Payment Entry : []
Last Princpal Arrears : 0.00
Last Interest Arrears : 0.00
Current Balance : 
Last Bill Due : 2019-10-20
Days Elapsed : 1
Interestable Amount : 0.00
Current Month Interest: 0
Soft Total: 0
Bill Total Due: 0
Is Paid?: 0
Bill Status: Unpaid
New Principal Arrears : 0
0
New Member Balance : -0
Inserting data in Database
----------------------------------------------------------------------------------------------------------------------------------------------

Member ID : 9
Setting Basic Variable
Calculating Values Before Bill Generation
Bill Head Details : {"Repair Funds":300,"Services Charges":200,"Sinking Fund":50,"Maintenance Charges":150,"sub_total":700,"Parking Charges":0,"NOC Charges":0}
Data for late payment check model
Last Due Date : 2019-10-21
Current Bill Date : 2019-11-01
Late Payment Entry : []
Last Princpal Arrears : 1400
Last Interest Arrears : 12.25
Current Balance : -1412.25
Last Bill Due : 2019-10-20
Days Elapsed : 1
Interestable Amount : 1400
Current Month Interest: 24.5
Soft Total: 2136.75
Bill Total Due: 2136.75
Is Paid?: 0
Bill Status: Unpaid
New Principal Arrears : 2100
24.5
New Member Balance : -2136.75
Inserting data in Database
----------------------------------------------------------------------------------------------------------------------------------------------

Member ID : 10
Setting Basic Variable
Calculating Values Before Bill Generation
Bill Head Details : {"Repair Funds":350,"Service Charges":200,"Sinking Fund":75,"Maintenance Charges":200,"sub_total":950,"Parking Charges":100,"NOC Charges":25}
Data for late payment check model
Last Due Date : 2019-10-21
Current Bill Date : 2019-11-01
Late Payment Entry : []
Last Princpal Arrears : 900
Last Interest Arrears : 0.00
Current Balance : -900.00
Last Bill Due : 2019-10-20
Days Elapsed : 1
Interestable Amount : 900
Current Month Interest: 15.75
Soft Total: 1865.75
Bill Total Due: 1865.75
Is Paid?: 0
Bill Status: Unpaid
New Principal Arrears : 1850
15.75
New Member Balance : -1865.75
Inserting data in Database
----------------------------------------------------------------------------------------------------------------------------------------------

