Member ID : 844
Setting Basic Variable
Calculating Values Before Bill Generation
Bill Head Details : {"Property Tax ":1500,"Water Charges":1500,"Municipal Taxes":100,"Building Maintenace Charges":150,"Monthly Service Charges":100,"sub_total":3755,"Parking Charges":300,"NOC Charges":105}
Data for late payment check model
Last Due Date : 2019-11-14
Current Bill Date : 2019-09-01
Late Payment Entry : []
Last Princpal Arrears : 0.00
Last Interest Arrears : 0.00
Current Balance : 
Last Bill Due : 2019-08-05
Days Elapsed : 1
Interestable Amount : 0.00
Current Month Interest: 0
Soft Total: 3755
Bill Total Due: 3755
Is Paid?: 0
Bill Status: Unpaid
New Principal Arrears : 3755
0
New Member Balance : -3755
Inserting data in Database
----------------------------------------------------------------------------------------------------------------------------------------------

Member ID : 845
Setting Basic Variable
Calculating Values Before Bill Generation
Bill Head Details : {"Monthly Service Charges":100,"Building Maintenace Charges":150,"Water Charges":100,"Municipal Taxes":900,"Property Tax ":900,"sub_total":2255,"Parking Charges":0,"NOC Charges":105}
Data for late payment check model
Last Due Date : 2019-11-14
Current Bill Date : 2019-09-01
Late Payment Entry : []
Last Princpal Arrears : 0.00
Last Interest Arrears : 0.00
Current Balance : 
Last Bill Due : 2019-08-05
Days Elapsed : 1
Interestable Amount : 0.00
Current Month Interest: 0
Soft Total: 2255
Bill Total Due: 2255
Is Paid?: 0
Bill Status: Unpaid
New Principal Arrears : 2255
0
New Member Balance : -2255
Inserting data in Database
----------------------------------------------------------------------------------------------------------------------------------------------

Member ID : 846
Setting Basic Variable
Calculating Values Before Bill Generation
Bill Head Details : {"Property Tax ":1500,"Water Charges":1500,"Municipal Taxes":100,"Building Maintenace Charges":150,"Monthly Service Charges":100,"sub_total":3755,"Parking Charges":300,"NOC Charges":105}
Data for late payment check model
Last Due Date : 2019-11-14
Current Bill Date : 2019-09-01
Late Payment Entry : []
Last Princpal Arrears : 0.00
Last Interest Arrears : 0.00
Current Balance : 
Last Bill Due : 2019-08-05
Days Elapsed : 1
Interestable Amount : 0.00
Current Month Interest: 0
Soft Total: 3755
Bill Total Due: 3755
Is Paid?: 0
Bill Status: Unpaid
New Principal Arrears : 3755
0
New Member Balance : -3755
Inserting data in Database
----------------------------------------------------------------------------------------------------------------------------------------------

Member ID : 847
Setting Basic Variable
Calculating Values Before Bill Generation
Bill Head Details : {"Monthly Service Charges":100,"Building Maintenace Charges":150,"Water Charges":100,"Municipal Taxes":900,"Property Tax ":900,"sub_total":2435,"Parking Charges":180,"NOC Charges":105}
Data for late payment check model
Last Due Date : 2019-11-14
Current Bill Date : 2019-09-01
Late Payment Entry : []
Last Princpal Arrears : 0.00
Last Interest Arrears : 0.00
Current Balance : 
Last Bill Due : 2019-08-05
Days Elapsed : 1
Interestable Amount : 0.00
Current Month Interest: 0
Soft Total: 2435
Bill Total Due: 2435
Is Paid?: 0
Bill Status: Unpaid
New Principal Arrears : 2435
0
New Member Balance : -2435
Inserting data in Database
----------------------------------------------------------------------------------------------------------------------------------------------

Member ID : 848
Setting Basic Variable
Calculating Values Before Bill Generation
Bill Head Details : {"Property Tax ":1500,"Water Charges":1500,"Municipal Taxes":100,"Building Maintenace Charges":150,"Monthly Service Charges":100,"sub_total":3575,"Parking Charges":120,"NOC Charges":105}
Data for late payment check model
Last Due Date : 2019-11-14
Current Bill Date : 2019-09-01
Late Payment Entry : []
Last Princpal Arrears : 0.00
Last Interest Arrears : 0.00
Current Balance : 
Last Bill Due : 2019-08-05
Days Elapsed : 1
Interestable Amount : 0.00
Current Month Interest: 0
Soft Total: 3575
Bill Total Due: 3575
Is Paid?: 0
Bill Status: Unpaid
New Principal Arrears : 3575
0
New Member Balance : -3575
Inserting data in Database
----------------------------------------------------------------------------------------------------------------------------------------------

Member ID : 849
Setting Basic Variable
Calculating Values Before Bill Generation
Bill Head Details : {"Property Tax ":1500,"Water Charges":1500,"Municipal Taxes":100,"Building Maintenace Charges":150,"Monthly Service Charges":100,"sub_total":3350,"Parking Charges":0,"NOC Charges":0}
Data for late payment check model
Last Due Date : 2019-11-14
Current Bill Date : 2019-09-01
Late Payment Entry : []
Last Princpal Arrears : 0.00
Last Interest Arrears : 0.00
Current Balance : 
Last Bill Due : 2019-08-05
Days Elapsed : 1
Interestable Amount : 0.00
Current Month Interest: 0
Soft Total: 3350
Bill Total Due: 3350
Is Paid?: 0
Bill Status: Unpaid
New Principal Arrears : 3350
0
New Member Balance : -3350
Inserting data in Database
----------------------------------------------------------------------------------------------------------------------------------------------

Member ID : 850
Setting Basic Variable
Calculating Values Before Bill Generation
Bill Head Details : {"Monthly Service Charges":100,"Building Maintenace Charges":150,"Water Charges":100,"Municipal Taxes":900,"Property Tax ":900,"sub_total":2150,"Parking Charges":0,"NOC Charges":0}
Data for late payment check model
Last Due Date : 2019-11-14
Current Bill Date : 2019-09-01
Late Payment Entry : []
Last Princpal Arrears : 0.00
Last Interest Arrears : 0.00
Current Balance : 
Last Bill Due : 2019-08-05
Days Elapsed : 1
Interestable Amount : 0.00
Current Month Interest: 0
Soft Total: 2150
Bill Total Due: 2150
Is Paid?: 0
Bill Status: Unpaid
New Principal Arrears : 2150
0
New Member Balance : -2150
Inserting data in Database
----------------------------------------------------------------------------------------------------------------------------------------------

Member ID : 851
Setting Basic Variable
Calculating Values Before Bill Generation
Bill Head Details : {"Property Tax ":1500,"Water Charges":1500,"Municipal Taxes":100,"Building Maintenace Charges":150,"Monthly Service Charges":100,"sub_total":3350,"Parking Charges":0,"NOC Charges":0}
Data for late payment check model
Last Due Date : 2019-11-14
Current Bill Date : 2019-09-01
Late Payment Entry : []
Last Princpal Arrears : 0.00
Last Interest Arrears : 0.00
Current Balance : 
Last Bill Due : 2019-08-05
Days Elapsed : 1
Interestable Amount : 0.00
Current Month Interest: 0
Soft Total: 3350
Bill Total Due: 3350
Is Paid?: 0
Bill Status: Unpaid
New Principal Arrears : 3350
0
New Member Balance : -3350
Inserting data in Database
----------------------------------------------------------------------------------------------------------------------------------------------

Member ID : 852
Setting Basic Variable
Calculating Values Before Bill Generation
Bill Head Details : {"Monthly Service Charges":100,"Building Maintenace Charges":150,"Water Charges":100,"Municipal Taxes":900,"Property Tax ":900,"sub_total":2350,"Parking Charges":200,"NOC Charges":0}
Data for late payment check model
Last Due Date : 2019-11-14
Current Bill Date : 2019-09-01
Late Payment Entry : []
Last Princpal Arrears : 0.00
Last Interest Arrears : 0.00
Current Balance : 
Last Bill Due : 2019-08-05
Days Elapsed : 1
Interestable Amount : 0.00
Current Month Interest: 0
Soft Total: 2350
Bill Total Due: 2350
Is Paid?: 0
Bill Status: Unpaid
New Principal Arrears : 2350
0
New Member Balance : -2350
Inserting data in Database
----------------------------------------------------------------------------------------------------------------------------------------------

Member ID : 853
Setting Basic Variable
Calculating Values Before Bill Generation
Bill Head Details : {"Property Tax ":1500,"Water Charges":1500,"Municipal Taxes":100,"Building Maintenace Charges":150,"Monthly Service Charges":100,"sub_total":3670,"Parking Charges":320,"NOC Charges":0}
Data for late payment check model
Last Due Date : 2019-11-14
Current Bill Date : 2019-09-01
Late Payment Entry : []
Last Princpal Arrears : 0.00
Last Interest Arrears : 0.00
Current Balance : 
Last Bill Due : 2019-08-05
Days Elapsed : 1
Interestable Amount : 0.00
Current Month Interest: 0
Soft Total: 3670
Bill Total Due: 3670
Is Paid?: 0
Bill Status: Unpaid
New Principal Arrears : 3670
0
New Member Balance : -3670
Inserting data in Database
----------------------------------------------------------------------------------------------------------------------------------------------

Member ID : 854
Setting Basic Variable
Calculating Values Before Bill Generation
Bill Head Details : {"Property Tax ":1500,"Water Charges":1500,"Municipal Taxes":100,"Building Maintenace Charges":150,"Monthly Service Charges":100,"sub_total":3755,"Parking Charges":300,"NOC Charges":105}
Data for late payment check model
Last Due Date : 2019-11-14
Current Bill Date : 2019-09-01
Late Payment Entry : []
Last Princpal Arrears : 0.00
Last Interest Arrears : 0.00
Current Balance : 
Last Bill Due : 2019-08-05
Days Elapsed : 1
Interestable Amount : 0.00
Current Month Interest: 0
Soft Total: 3755
Bill Total Due: 3755
Is Paid?: 0
Bill Status: Unpaid
New Principal Arrears : 3755
0
New Member Balance : -3755
Inserting data in Database
----------------------------------------------------------------------------------------------------------------------------------------------

Member ID : 855
Setting Basic Variable
Calculating Values Before Bill Generation
Bill Head Details : {"Monthly Service Charges":100,"Building Maintenace Charges":150,"Water Charges":100,"Municipal Taxes":900,"Property Tax ":900,"sub_total":2150,"Parking Charges":0,"NOC Charges":0}
Data for late payment check model
Last Due Date : 2019-11-14
Current Bill Date : 2019-09-01
Late Payment Entry : []
Last Princpal Arrears : 0.00
Last Interest Arrears : 0.00
Current Balance : 
Last Bill Due : 2019-08-05
Days Elapsed : 1
Interestable Amount : 0.00
Current Month Interest: 0
Soft Total: 2150
Bill Total Due: 2150
Is Paid?: 0
Bill Status: Unpaid
New Principal Arrears : 2150
0
New Member Balance : -2150
Inserting data in Database
----------------------------------------------------------------------------------------------------------------------------------------------

Member ID : 856
Setting Basic Variable
Calculating Values Before Bill Generation
Bill Head Details : {"Property Tax ":1500,"Water Charges":1500,"Municipal Taxes":100,"Building Maintenace Charges":150,"Monthly Service Charges":100,"sub_total":3935,"Parking Charges":480,"NOC Charges":105}
Data for late payment check model
Last Due Date : 2019-11-14
Current Bill Date : 2019-09-01
Late Payment Entry : []
Last Princpal Arrears : 0.00
Last Interest Arrears : 0.00
Current Balance : 
Last Bill Due : 2019-08-05
Days Elapsed : 1
Interestable Amount : 0.00
Current Month Interest: 0
Soft Total: 3935
Bill Total Due: 3935
Is Paid?: 0
Bill Status: Unpaid
New Principal Arrears : 3935
0
New Member Balance : -3935
Inserting data in Database
----------------------------------------------------------------------------------------------------------------------------------------------

Member ID : 857
Setting Basic Variable
Calculating Values Before Bill Generation
Bill Head Details : {"Monthly Service Charges":100,"Building Maintenace Charges":150,"Water Charges":100,"Municipal Taxes":900,"Property Tax ":900,"sub_total":2150,"Parking Charges":0,"NOC Charges":0}
Data for late payment check model
Last Due Date : 2019-11-14
Current Bill Date : 2019-09-01
Late Payment Entry : []
Last Princpal Arrears : 0.00
Last Interest Arrears : 0.00
Current Balance : 
Last Bill Due : 2019-08-05
Days Elapsed : 1
Interestable Amount : 0.00
Current Month Interest: 0
Soft Total: 2150
Bill Total Due: 2150
Is Paid?: 0
Bill Status: Unpaid
New Principal Arrears : 2150
0
New Member Balance : -2150
Inserting data in Database
----------------------------------------------------------------------------------------------------------------------------------------------

Member ID : 858
Setting Basic Variable
Calculating Values Before Bill Generation
Bill Head Details : {"Property Tax ":1500,"Water Charges":1500,"Municipal Taxes":100,"Building Maintenace Charges":150,"Monthly Service Charges":100,"sub_total":3510,"Parking Charges":160,"NOC Charges":0}
Data for late payment check model
Last Due Date : 2019-11-14
Current Bill Date : 2019-09-01
Late Payment Entry : []
Last Princpal Arrears : 0.00
Last Interest Arrears : 0.00
Current Balance : 
Last Bill Due : 2019-08-05
Days Elapsed : 1
Interestable Amount : 0.00
Current Month Interest: 0
Soft Total: 3510
Bill Total Due: 3510
Is Paid?: 0
Bill Status: Unpaid
New Principal Arrears : 3510
0
New Member Balance : -3510
Inserting data in Database
----------------------------------------------------------------------------------------------------------------------------------------------

Member ID : 859
Setting Basic Variable
Calculating Values Before Bill Generation
Bill Head Details : {"Monthly Service Charges":100,"Building Maintenace Charges":150,"Water Charges":100,"Municipal Taxes":900,"Property Tax ":900,"sub_total":2495,"Parking Charges":240,"NOC Charges":105}
Data for late payment check model
Last Due Date : 2019-11-14
Current Bill Date : 2019-09-01
Late Payment Entry : []
Last Princpal Arrears : 0.00
Last Interest Arrears : 0.00
Current Balance : 
Last Bill Due : 2019-08-05
Days Elapsed : 1
Interestable Amount : 0.00
Current Month Interest: 0
Soft Total: 2495
Bill Total Due: 2495
Is Paid?: 0
Bill Status: Unpaid
New Principal Arrears : 2495
0
New Member Balance : -2495
Inserting data in Database
----------------------------------------------------------------------------------------------------------------------------------------------

Member ID : 860
Setting Basic Variable
Calculating Values Before Bill Generation
Bill Head Details : {"Property Tax ":1500,"Water Charges":1500,"Municipal Taxes":100,"Building Maintenace Charges":150,"Monthly Service Charges":100,"sub_total":3510,"Parking Charges":160,"NOC Charges":0}
Data for late payment check model
Last Due Date : 2019-11-14
Current Bill Date : 2019-09-01
Late Payment Entry : []
Last Princpal Arrears : 0.00
Last Interest Arrears : 0.00
Current Balance : 
Last Bill Due : 2019-08-05
Days Elapsed : 1
Interestable Amount : 0.00
Current Month Interest: 0
Soft Total: 3510
Bill Total Due: 3510
Is Paid?: 0
Bill Status: Unpaid
New Principal Arrears : 3510
0
New Member Balance : -3510
Inserting data in Database
----------------------------------------------------------------------------------------------------------------------------------------------

Member ID : 861
Setting Basic Variable
Calculating Values Before Bill Generation
Bill Head Details : {"Monthly Service Charges":100,"Building Maintenace Charges":150,"Water Charges":100,"Municipal Taxes":900,"Property Tax ":900,"sub_total":2255,"Parking Charges":0,"NOC Charges":105}
Data for late payment check model
Last Due Date : 2019-11-14
Current Bill Date : 2019-09-01
Late Payment Entry : []
Last Princpal Arrears : 0.00
Last Interest Arrears : 0.00
Current Balance : 
Last Bill Due : 2019-08-05
Days Elapsed : 1
Interestable Amount : 0.00
Current Month Interest: 0
Soft Total: 2255
Bill Total Due: 2255
Is Paid?: 0
Bill Status: Unpaid
New Principal Arrears : 2255
0
New Member Balance : -2255
Inserting data in Database
----------------------------------------------------------------------------------------------------------------------------------------------

Member ID : 862
Setting Basic Variable
Calculating Values Before Bill Generation
Bill Head Details : {"Monthly Service Charges":100,"Building Maintenace Charges":150,"Water Charges":100,"Municipal Taxes":900,"Property Tax ":900,"sub_total":2250,"Parking Charges":100,"NOC Charges":0}
Data for late payment check model
Last Due Date : 2019-11-14
Current Bill Date : 2019-09-01
Late Payment Entry : []
Last Princpal Arrears : 0.00
Last Interest Arrears : 0.00
Current Balance : 
Last Bill Due : 2019-08-05
Days Elapsed : 1
Interestable Amount : 0.00
Current Month Interest: 0
Soft Total: 2250
Bill Total Due: 2250
Is Paid?: 0
Bill Status: Unpaid
New Principal Arrears : 2250
0
New Member Balance : -2250
Inserting data in Database
----------------------------------------------------------------------------------------------------------------------------------------------

Member ID : 863
Setting Basic Variable
Calculating Values Before Bill Generation
Bill Head Details : {"Property Tax ":1500,"Water Charges":1500,"Municipal Taxes":100,"Building Maintenace Charges":150,"Monthly Service Charges":100,"sub_total":3510,"Parking Charges":160,"NOC Charges":0}
Data for late payment check model
Last Due Date : 2019-11-14
Current Bill Date : 2019-09-01
Late Payment Entry : []
Last Princpal Arrears : 0.00
Last Interest Arrears : 0.00
Current Balance : 
Last Bill Due : 2019-08-05
Days Elapsed : 1
Interestable Amount : 0.00
Current Month Interest: 0
Soft Total: 3510
Bill Total Due: 3510
Is Paid?: 0
Bill Status: Unpaid
New Principal Arrears : 3510
0
New Member Balance : -3510
Inserting data in Database
----------------------------------------------------------------------------------------------------------------------------------------------

