Member ID : 42
Setting Basic Variable
Calculating Values Before Bill Generation
Bill Head Details : {"Maintenance Charges":350,"sub_total":350,"Parking Charges":0,"NOC Charges":0}
Data for late payment check model
Last Due Date : 2019-02-11
Current Bill Date : 2019-02-28
Late Payment Entry : []
Last Princpal Arrears : 0.00
Last Interest Arrears : 0.00
Current Balance : 
Last Bill Due : 2019-02-10
Days Elapsed : 1
Interestable Amount : 0.00
Current Month Interest: 0
Soft Total: 350
Bill Total Due: 350
Is Paid?: 0
Bill Status: Unpaid
New Principal Arrears : 350
0
New Member Balance : -350
Inserting data in Database
----------------------------------------------------------------------------------------------------------------------------------------------

Member ID : 43
Setting Basic Variable
Calculating Values Before Bill Generation
Bill Head Details : {"Maintenance Charges":350,"sub_total":350,"Parking Charges":0,"NOC Charges":0}
Data for late payment check model
Last Due Date : 2019-02-11
Current Bill Date : 2019-02-28
Late Payment Entry : []
Last Princpal Arrears : 0.00
Last Interest Arrears : 0.00
Current Balance : 
Last Bill Due : 2019-02-10
Days Elapsed : 1
Interestable Amount : 0.00
Current Month Interest: 0
Soft Total: 350
Bill Total Due: 350
Is Paid?: 0
Bill Status: Unpaid
New Principal Arrears : 350
0
New Member Balance : -350
Inserting data in Database
----------------------------------------------------------------------------------------------------------------------------------------------

Member ID : 44
Setting Basic Variable
Calculating Values Before Bill Generation
Bill Head Details : {"Maintenance Charges":350,"sub_total":350,"Parking Charges":0,"NOC Charges":0}
Data for late payment check model
Last Due Date : 2019-02-11
Current Bill Date : 2019-02-28
Late Payment Entry : []
Last Princpal Arrears : 0.00
Last Interest Arrears : 0.00
Current Balance : 
Last Bill Due : 2019-02-10
Days Elapsed : 1
Interestable Amount : 0.00
Current Month Interest: 0
Soft Total: 350
Bill Total Due: 350
Is Paid?: 0
Bill Status: Unpaid
New Principal Arrears : 350
0
New Member Balance : -350
Inserting data in Database
----------------------------------------------------------------------------------------------------------------------------------------------

Member ID : 45
Setting Basic Variable
Calculating Values Before Bill Generation
Bill Head Details : {"Maintenance Charges":350,"sub_total":350,"Parking Charges":0,"NOC Charges":0}
Data for late payment check model
Last Due Date : 2019-02-11
Current Bill Date : 2019-02-28
Late Payment Entry : []
Last Princpal Arrears : 0.00
Last Interest Arrears : 0.00
Current Balance : 
Last Bill Due : 2019-02-10
Days Elapsed : 1
Interestable Amount : 0.00
Current Month Interest: 0
Soft Total: 350
Bill Total Due: 350
Is Paid?: 0
Bill Status: Unpaid
New Principal Arrears : 350
0
New Member Balance : -350
Inserting data in Database
----------------------------------------------------------------------------------------------------------------------------------------------

Member ID : 46
Setting Basic Variable
Calculating Values Before Bill Generation
Bill Head Details : {"Maintenance Charges":350,"sub_total":350,"Parking Charges":0,"NOC Charges":0}
Data for late payment check model
Last Due Date : 2019-02-11
Current Bill Date : 2019-02-28
Late Payment Entry : []
Last Princpal Arrears : 0.00
Last Interest Arrears : 0.00
Current Balance : 
Last Bill Due : 2019-02-10
Days Elapsed : 1
Interestable Amount : 0.00
Current Month Interest: 0
Soft Total: 350
Bill Total Due: 350
Is Paid?: 0
Bill Status: Unpaid
New Principal Arrears : 350
0
New Member Balance : -350
Inserting data in Database
----------------------------------------------------------------------------------------------------------------------------------------------

Member ID : 47
Setting Basic Variable
Calculating Values Before Bill Generation
Bill Head Details : {"Maintenance Charges":350,"sub_total":350,"Parking Charges":0,"NOC Charges":0}
Data for late payment check model
Last Due Date : 2019-02-11
Current Bill Date : 2019-02-28
Late Payment Entry : []
Last Princpal Arrears : 0.00
Last Interest Arrears : 0.00
Current Balance : 
Last Bill Due : 2019-02-10
Days Elapsed : 1
Interestable Amount : 0.00
Current Month Interest: 0
Soft Total: 350
Bill Total Due: 350
Is Paid?: 0
Bill Status: Unpaid
New Principal Arrears : 350
0
New Member Balance : -350
Inserting data in Database
----------------------------------------------------------------------------------------------------------------------------------------------

Member ID : 48
Setting Basic Variable
Calculating Values Before Bill Generation
Bill Head Details : {"Maintenance Charges":350,"sub_total":350,"Parking Charges":0,"NOC Charges":0}
Data for late payment check model
Last Due Date : 2019-02-11
Current Bill Date : 2019-02-28
Late Payment Entry : []
Last Princpal Arrears : 0.00
Last Interest Arrears : 0.00
Current Balance : 
Last Bill Due : 2019-02-10
Days Elapsed : 1
Interestable Amount : 0.00
Current Month Interest: 0
Soft Total: 350
Bill Total Due: 350
Is Paid?: 0
Bill Status: Unpaid
New Principal Arrears : 350
0
New Member Balance : -350
Inserting data in Database
----------------------------------------------------------------------------------------------------------------------------------------------

Member ID : 49
Setting Basic Variable
Calculating Values Before Bill Generation
Bill Head Details : {"Maintenance Charges":350,"sub_total":350,"Parking Charges":0,"NOC Charges":0}
Data for late payment check model
Last Due Date : 2019-02-11
Current Bill Date : 2019-02-28
Late Payment Entry : []
Last Princpal Arrears : 4650
Last Interest Arrears : 0.00
Current Balance : -4650.00
Last Bill Due : 2019-02-10
Days Elapsed : 1
Interestable Amount : 4650
Current Month Interest: 0
Soft Total: 5000
Bill Total Due: 5000
Is Paid?: 0
Bill Status: Unpaid
New Principal Arrears : 5000
0
New Member Balance : -5000
Inserting data in Database
----------------------------------------------------------------------------------------------------------------------------------------------

Member ID : 50
Setting Basic Variable
Calculating Values Before Bill Generation
Bill Head Details : {"Maintenance Charges":350,"sub_total":350,"Parking Charges":0,"NOC Charges":0}
Data for late payment check model
Last Due Date : 2019-02-11
Current Bill Date : 2019-02-28
Late Payment Entry : []
Last Princpal Arrears : 0.00
Last Interest Arrears : 0.00
Current Balance : 
Last Bill Due : 2019-02-10
Days Elapsed : 1
Interestable Amount : 0.00
Current Month Interest: 0
Soft Total: 350
Bill Total Due: 350
Is Paid?: 0
Bill Status: Unpaid
New Principal Arrears : 350
0
New Member Balance : -350
Inserting data in Database
----------------------------------------------------------------------------------------------------------------------------------------------

Member ID : 51
Setting Basic Variable
Calculating Values Before Bill Generation
Bill Head Details : {"Maintenance Charges":350,"sub_total":350,"Parking Charges":0,"NOC Charges":0}
Data for late payment check model
Last Due Date : 2019-02-11
Current Bill Date : 2019-02-28
Late Payment Entry : []
Last Princpal Arrears : 0.00
Last Interest Arrears : 0.00
Current Balance : 
Last Bill Due : 2019-02-10
Days Elapsed : 1
Interestable Amount : 0.00
Current Month Interest: 0
Soft Total: 350
Bill Total Due: 350
Is Paid?: 0
Bill Status: Unpaid
New Principal Arrears : 350
0
New Member Balance : -350
Inserting data in Database
----------------------------------------------------------------------------------------------------------------------------------------------

Member ID : 52
Setting Basic Variable
Calculating Values Before Bill Generation
Bill Head Details : {"Maintenance Charges":350,"sub_total":350,"Parking Charges":0,"NOC Charges":0}
Data for late payment check model
Last Due Date : 2019-02-11
Current Bill Date : 2019-02-28
Late Payment Entry : []
Last Princpal Arrears : 0.00
Last Interest Arrears : 0.00
Current Balance : 
Last Bill Due : 2019-02-10
Days Elapsed : 1
Interestable Amount : 0.00
Current Month Interest: 0
Soft Total: 350
Bill Total Due: 350
Is Paid?: 0
Bill Status: Unpaid
New Principal Arrears : 350
0
New Member Balance : -350
Inserting data in Database
----------------------------------------------------------------------------------------------------------------------------------------------

Member ID : 53
Setting Basic Variable
Calculating Values Before Bill Generation
Bill Head Details : {"Maintenance Charges":350,"sub_total":350,"Parking Charges":0,"NOC Charges":0}
Data for late payment check model
Last Due Date : 2019-02-11
Current Bill Date : 2019-02-28
Late Payment Entry : []
Last Princpal Arrears : 0.00
Last Interest Arrears : 0.00
Current Balance : 
Last Bill Due : 2019-02-10
Days Elapsed : 1
Interestable Amount : 0.00
Current Month Interest: 0
Soft Total: 350
Bill Total Due: 350
Is Paid?: 0
Bill Status: Unpaid
New Principal Arrears : 350
0
New Member Balance : -350
Inserting data in Database
----------------------------------------------------------------------------------------------------------------------------------------------

Member ID : 54
Setting Basic Variable
Calculating Values Before Bill Generation
Bill Head Details : {"Maintenance Charges":350,"sub_total":350,"Parking Charges":0,"NOC Charges":0}
Data for late payment check model
Last Due Date : 2019-02-11
Current Bill Date : 2019-02-28
Late Payment Entry : []
Last Princpal Arrears : 0.00
Last Interest Arrears : 0.00
Current Balance : 
Last Bill Due : 2019-02-10
Days Elapsed : 1
Interestable Amount : 0.00
Current Month Interest: 0
Soft Total: 350
Bill Total Due: 350
Is Paid?: 0
Bill Status: Unpaid
New Principal Arrears : 350
0
New Member Balance : -350
Inserting data in Database
----------------------------------------------------------------------------------------------------------------------------------------------

Member ID : 55
Setting Basic Variable
Calculating Values Before Bill Generation
Bill Head Details : {"Maintenance Charges":350,"sub_total":350,"Parking Charges":0,"NOC Charges":0}
Data for late payment check model
Last Due Date : 2019-02-11
Current Bill Date : 2019-02-28
Late Payment Entry : []
Last Princpal Arrears : 0.00
Last Interest Arrears : 0.00
Current Balance : 
Last Bill Due : 2019-02-10
Days Elapsed : 1
Interestable Amount : 0.00
Current Month Interest: 0
Soft Total: 350
Bill Total Due: 350
Is Paid?: 0
Bill Status: Unpaid
New Principal Arrears : 350
0
New Member Balance : -350
Inserting data in Database
----------------------------------------------------------------------------------------------------------------------------------------------

Member ID : 56
Setting Basic Variable
Calculating Values Before Bill Generation
Bill Head Details : {"Maintenance Charges":350,"sub_total":350,"Parking Charges":0,"NOC Charges":0}
Data for late payment check model
Last Due Date : 2019-02-11
Current Bill Date : 2019-02-28
Late Payment Entry : []
Last Princpal Arrears : 0.00
Last Interest Arrears : 0.00
Current Balance : 
Last Bill Due : 2019-02-10
Days Elapsed : 1
Interestable Amount : 0.00
Current Month Interest: 0
Soft Total: 350
Bill Total Due: 350
Is Paid?: 0
Bill Status: Unpaid
New Principal Arrears : 350
0
New Member Balance : -350
Inserting data in Database
----------------------------------------------------------------------------------------------------------------------------------------------

Member ID : 57
Setting Basic Variable
Calculating Values Before Bill Generation
Bill Head Details : {"Maintenance Charges":350,"sub_total":350,"Parking Charges":0,"NOC Charges":0}
Data for late payment check model
Last Due Date : 2019-02-11
Current Bill Date : 2019-02-28
Late Payment Entry : []
Last Princpal Arrears : 0.00
Last Interest Arrears : 0.00
Current Balance : 
Last Bill Due : 2019-02-10
Days Elapsed : 1
Interestable Amount : 0.00
Current Month Interest: 0
Soft Total: 350
Bill Total Due: 350
Is Paid?: 0
Bill Status: Unpaid
New Principal Arrears : 350
0
New Member Balance : -350
Inserting data in Database
----------------------------------------------------------------------------------------------------------------------------------------------

Member ID : 58
Setting Basic Variable
Calculating Values Before Bill Generation
Bill Head Details : {"Maintenance Charges":350,"sub_total":350,"Parking Charges":0,"NOC Charges":0}
Data for late payment check model
Last Due Date : 2019-02-11
Current Bill Date : 2019-02-28
Late Payment Entry : []
Last Princpal Arrears : 0.00
Last Interest Arrears : 0.00
Current Balance : 
Last Bill Due : 2019-02-10
Days Elapsed : 1
Interestable Amount : 0.00
Current Month Interest: 0
Soft Total: 350
Bill Total Due: 350
Is Paid?: 0
Bill Status: Unpaid
New Principal Arrears : 350
0
New Member Balance : -350
Inserting data in Database
----------------------------------------------------------------------------------------------------------------------------------------------

Member ID : 59
Setting Basic Variable
Calculating Values Before Bill Generation
Bill Head Details : {"Maintenance Charges":350,"sub_total":350,"Parking Charges":0,"NOC Charges":0}
Data for late payment check model
Last Due Date : 2019-02-11
Current Bill Date : 2019-02-28
Late Payment Entry : []
Last Princpal Arrears : 0.00
Last Interest Arrears : 0.00
Current Balance : 
Last Bill Due : 2019-02-10
Days Elapsed : 1
Interestable Amount : 0.00
Current Month Interest: 0
Soft Total: 350
Bill Total Due: 350
Is Paid?: 0
Bill Status: Unpaid
New Principal Arrears : 350
0
New Member Balance : -350
Inserting data in Database
----------------------------------------------------------------------------------------------------------------------------------------------

Member ID : 60
Setting Basic Variable
Calculating Values Before Bill Generation
Bill Head Details : {"Maintenance Charges":350,"sub_total":350,"Parking Charges":0,"NOC Charges":0}
Data for late payment check model
Last Due Date : 2019-02-11
Current Bill Date : 2019-02-28
Late Payment Entry : []
Last Princpal Arrears : 0.00
Last Interest Arrears : 0.00
Current Balance : 
Last Bill Due : 2019-02-10
Days Elapsed : 1
Interestable Amount : 0.00
Current Month Interest: 0
Soft Total: 350
Bill Total Due: 350
Is Paid?: 0
Bill Status: Unpaid
New Principal Arrears : 350
0
New Member Balance : -350
Inserting data in Database
----------------------------------------------------------------------------------------------------------------------------------------------

Member ID : 61
Setting Basic Variable
Calculating Values Before Bill Generation
Bill Head Details : {"Maintenance Charges":350,"sub_total":350,"Parking Charges":0,"NOC Charges":0}
Data for late payment check model
Last Due Date : 2019-02-11
Current Bill Date : 2019-02-28
Late Payment Entry : []
Last Princpal Arrears : 0.00
Last Interest Arrears : 0.00
Current Balance : 
Last Bill Due : 2019-02-10
Days Elapsed : 1
Interestable Amount : 0.00
Current Month Interest: 0
Soft Total: 350
Bill Total Due: 350
Is Paid?: 0
Bill Status: Unpaid
New Principal Arrears : 350
0
New Member Balance : -350
Inserting data in Database
----------------------------------------------------------------------------------------------------------------------------------------------

Member ID : 62
Setting Basic Variable
Calculating Values Before Bill Generation
Bill Head Details : {"Maintenance Charges":350,"sub_total":350,"Parking Charges":0,"NOC Charges":0}
Data for late payment check model
Last Due Date : 2019-02-11
Current Bill Date : 2019-02-28
Late Payment Entry : []
Last Princpal Arrears : 0.00
Last Interest Arrears : 0.00
Current Balance : 
Last Bill Due : 2019-02-10
Days Elapsed : 1
Interestable Amount : 0.00
Current Month Interest: 0
Soft Total: 350
Bill Total Due: 350
Is Paid?: 0
Bill Status: Unpaid
New Principal Arrears : 350
0
New Member Balance : -350
Inserting data in Database
----------------------------------------------------------------------------------------------------------------------------------------------

Member ID : 63
Setting Basic Variable
Calculating Values Before Bill Generation
Bill Head Details : {"Maintenance Charges":350,"sub_total":350,"Parking Charges":0,"NOC Charges":0}
Data for late payment check model
Last Due Date : 2019-02-11
Current Bill Date : 2019-02-28
Late Payment Entry : []
Last Princpal Arrears : 0.00
Last Interest Arrears : 0.00
Current Balance : 
Last Bill Due : 2019-02-10
Days Elapsed : 1
Interestable Amount : 0.00
Current Month Interest: 0
Soft Total: 350
Bill Total Due: 350
Is Paid?: 0
Bill Status: Unpaid
New Principal Arrears : 350
0
New Member Balance : -350
Inserting data in Database
----------------------------------------------------------------------------------------------------------------------------------------------

Member ID : 64
Setting Basic Variable
Calculating Values Before Bill Generation
Bill Head Details : {"Maintenance Charges":350,"sub_total":350,"Parking Charges":0,"NOC Charges":0}
Data for late payment check model
Last Due Date : 2019-02-11
Current Bill Date : 2019-02-28
Late Payment Entry : []
Last Princpal Arrears : 0.00
Last Interest Arrears : 0.00
Current Balance : 
Last Bill Due : 2019-02-10
Days Elapsed : 1
Interestable Amount : 0.00
Current Month Interest: 0
Soft Total: 350
Bill Total Due: 350
Is Paid?: 0
Bill Status: Unpaid
New Principal Arrears : 350
0
New Member Balance : -350
Inserting data in Database
----------------------------------------------------------------------------------------------------------------------------------------------

Member ID : 65
Setting Basic Variable
Calculating Values Before Bill Generation
Bill Head Details : {"Maintenance Charges":350,"sub_total":350,"Parking Charges":0,"NOC Charges":0}
Data for late payment check model
Last Due Date : 2019-02-11
Current Bill Date : 2019-02-28
Late Payment Entry : []
Last Princpal Arrears : 0.00
Last Interest Arrears : 0.00
Current Balance : 
Last Bill Due : 2019-02-10
Days Elapsed : 1
Interestable Amount : 0.00
Current Month Interest: 0
Soft Total: 350
Bill Total Due: 350
Is Paid?: 0
Bill Status: Unpaid
New Principal Arrears : 350
0
New Member Balance : -350
Inserting data in Database
----------------------------------------------------------------------------------------------------------------------------------------------

Member ID : 66
Setting Basic Variable
Calculating Values Before Bill Generation
Bill Head Details : {"Maintenance Charges":350,"sub_total":350,"Parking Charges":0,"NOC Charges":0}
Data for late payment check model
Last Due Date : 2019-02-11
Current Bill Date : 2019-02-28
Late Payment Entry : []
Last Princpal Arrears : 0.00
Last Interest Arrears : 0.00
Current Balance : 
Last Bill Due : 2019-02-10
Days Elapsed : 1
Interestable Amount : 0.00
Current Month Interest: 0
Soft Total: 350
Bill Total Due: 350
Is Paid?: 0
Bill Status: Unpaid
New Principal Arrears : 350
0
New Member Balance : -350
Inserting data in Database
----------------------------------------------------------------------------------------------------------------------------------------------

Member ID : 67
Setting Basic Variable
Calculating Values Before Bill Generation
Bill Head Details : {"Maintenance Charges":350,"sub_total":350,"Parking Charges":0,"NOC Charges":0}
Data for late payment check model
Last Due Date : 2019-02-11
Current Bill Date : 2019-02-28
Late Payment Entry : []
Last Princpal Arrears : 0.00
Last Interest Arrears : 0.00
Current Balance : 
Last Bill Due : 2019-02-10
Days Elapsed : 1
Interestable Amount : 0.00
Current Month Interest: 0
Soft Total: 350
Bill Total Due: 350
Is Paid?: 0
Bill Status: Unpaid
New Principal Arrears : 350
0
New Member Balance : -350
Inserting data in Database
----------------------------------------------------------------------------------------------------------------------------------------------

Member ID : 68
Setting Basic Variable
Calculating Values Before Bill Generation
Bill Head Details : {"Maintenance Charges":350,"sub_total":350,"Parking Charges":0,"NOC Charges":0}
Data for late payment check model
Last Due Date : 2019-02-11
Current Bill Date : 2019-02-28
Late Payment Entry : []
Last Princpal Arrears : 0.00
Last Interest Arrears : 0.00
Current Balance : 
Last Bill Due : 2019-02-10
Days Elapsed : 1
Interestable Amount : 0.00
Current Month Interest: 0
Soft Total: 350
Bill Total Due: 350
Is Paid?: 0
Bill Status: Unpaid
New Principal Arrears : 350
0
New Member Balance : -350
Inserting data in Database
----------------------------------------------------------------------------------------------------------------------------------------------

Member ID : 69
Setting Basic Variable
Calculating Values Before Bill Generation
Bill Head Details : {"Maintenance Charges":350,"sub_total":350,"Parking Charges":0,"NOC Charges":0}
Data for late payment check model
Last Due Date : 2019-02-11
Current Bill Date : 2019-02-28
Late Payment Entry : []
Last Princpal Arrears : 0.00
Last Interest Arrears : 0.00
Current Balance : 
Last Bill Due : 2019-02-10
Days Elapsed : 1
Interestable Amount : 0.00
Current Month Interest: 0
Soft Total: 350
Bill Total Due: 350
Is Paid?: 0
Bill Status: Unpaid
New Principal Arrears : 350
0
New Member Balance : -350
Inserting data in Database
----------------------------------------------------------------------------------------------------------------------------------------------

Member ID : 70
Setting Basic Variable
Calculating Values Before Bill Generation
Bill Head Details : {"Maintenance Charges":350,"sub_total":350,"Parking Charges":0,"NOC Charges":0}
Data for late payment check model
Last Due Date : 2019-02-11
Current Bill Date : 2019-02-28
Late Payment Entry : []
Last Princpal Arrears : 0.00
Last Interest Arrears : 0.00
Current Balance : 
Last Bill Due : 2019-02-10
Days Elapsed : 1
Interestable Amount : 0.00
Current Month Interest: 0
Soft Total: 350
Bill Total Due: 350
Is Paid?: 0
Bill Status: Unpaid
New Principal Arrears : 350
0
New Member Balance : -350
Inserting data in Database
----------------------------------------------------------------------------------------------------------------------------------------------

Member ID : 71
Setting Basic Variable
Calculating Values Before Bill Generation
Bill Head Details : {"Maintenance Charges":350,"sub_total":350,"Parking Charges":0,"NOC Charges":0}
Data for late payment check model
Last Due Date : 2019-02-11
Current Bill Date : 2019-02-28
Late Payment Entry : []
Last Princpal Arrears : 0.00
Last Interest Arrears : 0.00
Current Balance : 
Last Bill Due : 2019-02-10
Days Elapsed : 1
Interestable Amount : 0.00
Current Month Interest: 0
Soft Total: 350
Bill Total Due: 350
Is Paid?: 0
Bill Status: Unpaid
New Principal Arrears : 350
0
New Member Balance : -350
Inserting data in Database
----------------------------------------------------------------------------------------------------------------------------------------------

Member ID : 72
Setting Basic Variable
Calculating Values Before Bill Generation
Bill Head Details : {"Maintenance Charges":0,"sub_total":0,"Parking Charges":0,"NOC Charges":0}
Data for late payment check model
Last Due Date : 2019-02-11
Current Bill Date : 2019-02-28
Late Payment Entry : []
Last Princpal Arrears : 0.00
Last Interest Arrears : 0.00
Current Balance : 
Last Bill Due : 2019-02-10
Days Elapsed : 1
Interestable Amount : 0.00
Current Month Interest: 0
Soft Total: 0
Bill Total Due: 0
Is Paid?: 0
Bill Status: Unpaid
New Principal Arrears : 0
0
New Member Balance : -0
Inserting data in Database
----------------------------------------------------------------------------------------------------------------------------------------------

